2020-六月-02 16:14:54.360 INFO   main cn.backend.BackendApplication The following profiles are active: data-dev
2020-六月-02 16:15:18.920 INFO   main cn.backend.config.i18n.MessageSourceConfig init MessageResource...
2020-六月-02 16:15:19.405 INFO   main org.apache.catalina.core.StandardService Starting service [Tomcat]
2020-六月-02 16:15:19.405 INFO   main org.apache.catalina.core.StandardEngine Starting Servlet Engine: Apache Tomcat/8.5.23
2020-六月-02 16:15:19.608 INFO   localhost-startStop-1 org.apache.catalina.core.ContainerBase.[Tomcat].[localhost].[/] Initializing Spring embedded WebApplicationContext
2020-六月-02 16:15:20.421 INFO   main org.flywaydb.core.internal.util.VersionPrinter Flyway Community Edition 5.0.3 by Boxfuse
2020-六月-02 16:17:05.372 INFO   main cn.backend.BackendApplication The following profiles are active: data-dev
2020-六月-02 16:17:09.062 INFO   main cn.backend.config.i18n.MessageSourceConfig init MessageResource...
2020-六月-02 16:17:09.390 INFO   main org.apache.catalina.core.StandardService Starting service [Tomcat]
2020-六月-02 16:17:09.390 INFO   main org.apache.catalina.core.StandardEngine Starting Servlet Engine: Apache Tomcat/8.5.23
2020-六月-02 16:17:09.561 INFO   localhost-startStop-1 org.apache.catalina.core.ContainerBase.[Tomcat].[localhost].[/] Initializing Spring embedded WebApplicationContext
2020-六月-02 16:17:10.249 INFO   main org.flywaydb.core.internal.util.VersionPrinter Flyway Community Edition 5.0.3 by Boxfuse
2020-六月-02 16:17:10.952 INFO   main org.flywaydb.core.internal.database.DatabaseFactory Database: jdbc:mysql://114.116.21.190:3306/jzdd (MySQL 5.6)
2020-六月-02 16:17:12.139 INFO   main org.flywaydb.core.internal.command.DbValidate Successfully validated 57 migrations (execution time 00:00.786s)
2020-六月-02 16:17:12.920 INFO   main org.flywaydb.core.internal.command.DbMigrate Current version of schema `jzdd`: 1.56
2020-六月-02 16:17:12.951 INFO   main org.flywaydb.core.internal.command.DbMigrate Schema `jzdd` is up to date. No migration necessary.
2020-六月-02 16:17:13.435 INFO   main com.alibaba.druid.pool.DruidDataSource {dataSource-1} inited
2020-六月-02 16:17:23.013 INFO   main com.netflix.config.sources.URLConfigurationSource To enable URLs as dynamic configuration sources, define System property archaius.configurationSource.additionalUrls or make config.properties available on classpath.
2020-六月-02 16:17:23.029 INFO   main com.netflix.config.sources.URLConfigurationSource To enable URLs as dynamic configuration sources, define System property archaius.configurationSource.additionalUrls or make config.properties available on classpath.
2020-六月-02 16:17:25.577 INFO   main com.netflix.discovery.DiscoveryClient Initializing Eureka in region us-east-1
2020-六月-02 16:17:26.202 INFO   main com.netflix.discovery.provider.DiscoveryJerseyProvider Using JSON encoding codec LegacyJacksonJson
2020-六月-02 16:17:26.202 INFO   main com.netflix.discovery.provider.DiscoveryJerseyProvider Using JSON decoding codec LegacyJacksonJson
2020-六月-02 16:17:26.343 INFO   main com.netflix.discovery.provider.DiscoveryJerseyProvider Using XML encoding codec XStreamXml
2020-六月-02 16:17:26.343 INFO   main com.netflix.discovery.provider.DiscoveryJerseyProvider Using XML decoding codec XStreamXml
2020-六月-02 16:17:26.546 INFO   main com.netflix.discovery.shared.resolver.aws.ConfigClusterResolver Resolving eureka endpoints via configuration
2020-六月-02 16:17:26.757 INFO   main com.netflix.discovery.DiscoveryClient Disable delta property : false
2020-六月-02 16:17:26.757 INFO   main com.netflix.discovery.DiscoveryClient Single vip registry refresh property : null
2020-六月-02 16:17:26.757 INFO   main com.netflix.discovery.DiscoveryClient Force full registry fetch : false
2020-六月-02 16:17:26.757 INFO   main com.netflix.discovery.DiscoveryClient Application is null : false
2020-六月-02 16:17:26.757 INFO   main com.netflix.discovery.DiscoveryClient Registered Applications size is zero : true
2020-六月-02 16:17:26.757 INFO   main com.netflix.discovery.DiscoveryClient Application version is -1: true
2020-六月-02 16:17:26.757 INFO   main com.netflix.discovery.DiscoveryClient Getting all instance registry info from the eureka server
2020-六月-02 16:17:30.999 INFO   main com.netflix.discovery.DiscoveryClient Starting heartbeat executor: renew interval is: 10
2020-六月-02 16:17:30.999 INFO   main com.netflix.discovery.InstanceInfoReplicator InstanceInfoReplicator onDemand update allowed rate per min is 4
2020-六月-02 16:17:31.015 INFO   main com.netflix.discovery.DiscoveryClient Discovery Client initialized at timestamp 1591085851015 with initial instances count: 0
2020-六月-02 16:17:31.030 INFO   main com.netflix.discovery.DiscoveryClient Saw local status change event StatusChangeEvent [timestamp=1591085851030, current=UP, previous=STARTING]
2020-六月-02 16:17:31.030 INFO   DiscoveryClient-InstanceInfoReplicator-0 com.netflix.discovery.DiscoveryClient DiscoveryClient_JZDD-BACKEND/DESKTOP-TNTH64G:jzdd-backend:9001: registering service...
2020-六月-02 16:17:33.889 INFO   main org.apache.coyote.http11.Http11NioProtocol Initializing ProtocolHandler ["http-nio-9001"]
2020-六月-02 16:17:33.904 INFO   main org.apache.coyote.http11.Http11NioProtocol Starting ProtocolHandler ["http-nio-9001"]
2020-六月-02 16:17:33.920 INFO   main org.apache.tomcat.util.net.NioSelectorPool Using a shared selector for servlet write/read
2020-六月-02 16:17:33.967 INFO   main cn.backend.BackendApplication Started BackendApplication in 32.944 seconds (JVM running for 34.73)
2020-六月-02 16:18:01.007 INFO   DiscoveryClient-CacheRefreshExecutor-0 com.netflix.discovery.DiscoveryClient Disable delta property : false
2020-六月-02 16:18:01.007 INFO   DiscoveryClient-CacheRefreshExecutor-0 com.netflix.discovery.DiscoveryClient Single vip registry refresh property : null
2020-六月-02 16:18:01.007 INFO   DiscoveryClient-CacheRefreshExecutor-0 com.netflix.discovery.DiscoveryClient Force full registry fetch : false
2020-六月-02 16:18:01.008 INFO   DiscoveryClient-CacheRefreshExecutor-0 com.netflix.discovery.DiscoveryClient Application is null : false
2020-六月-02 16:18:01.008 INFO   DiscoveryClient-CacheRefreshExecutor-0 com.netflix.discovery.DiscoveryClient Registered Applications size is zero : true
2020-六月-02 16:18:01.008 INFO   DiscoveryClient-CacheRefreshExecutor-0 com.netflix.discovery.DiscoveryClient Application version is -1: true
2020-六月-02 16:18:01.008 INFO   DiscoveryClient-CacheRefreshExecutor-0 com.netflix.discovery.DiscoveryClient Getting all instance registry info from the eureka server
2020-六月-02 16:18:05.173 INFO   DiscoveryClient-InstanceInfoReplicator-0 com.netflix.discovery.DiscoveryClient DiscoveryClient_JZDD-BACKEND/DESKTOP-TNTH64G:jzdd-backend:9001: registering service...
2020-六月-02 16:18:35.031 INFO   DiscoveryClient-CacheRefreshExecutor-0 com.netflix.discovery.DiscoveryClient Disable delta property : false
2020-六月-02 16:18:35.031 INFO   DiscoveryClient-CacheRefreshExecutor-0 com.netflix.discovery.DiscoveryClient Single vip registry refresh property : null
2020-六月-02 16:18:35.031 INFO   DiscoveryClient-CacheRefreshExecutor-0 com.netflix.discovery.DiscoveryClient Force full registry fetch : false
2020-六月-02 16:18:35.031 INFO   DiscoveryClient-CacheRefreshExecutor-0 com.netflix.discovery.DiscoveryClient Application is null : false
2020-六月-02 16:18:35.031 INFO   DiscoveryClient-CacheRefreshExecutor-0 com.netflix.discovery.DiscoveryClient Registered Applications size is zero : true
2020-六月-02 16:18:35.031 INFO   DiscoveryClient-CacheRefreshExecutor-0 com.netflix.discovery.DiscoveryClient Application version is -1: true
2020-六月-02 16:18:35.031 INFO   DiscoveryClient-CacheRefreshExecutor-0 com.netflix.discovery.DiscoveryClient Getting all instance registry info from the eureka server
2020-六月-02 16:18:39.264 INFO   DiscoveryClient-InstanceInfoReplicator-0 com.netflix.discovery.DiscoveryClient DiscoveryClient_JZDD-BACKEND/DESKTOP-TNTH64G:jzdd-backend:9001: registering service...
2020-六月-02 16:19:09.158 INFO   DiscoveryClient-CacheRefreshExecutor-0 com.netflix.discovery.DiscoveryClient Disable delta property : false
2020-六月-02 16:19:09.158 INFO   DiscoveryClient-CacheRefreshExecutor-0 com.netflix.discovery.DiscoveryClient Single vip registry refresh property : null
2020-六月-02 16:19:09.158 INFO   DiscoveryClient-CacheRefreshExecutor-0 com.netflix.discovery.DiscoveryClient Force full registry fetch : false
2020-六月-02 16:19:09.158 INFO   DiscoveryClient-CacheRefreshExecutor-0 com.netflix.discovery.DiscoveryClient Application is null : false
2020-六月-02 16:19:09.158 INFO   DiscoveryClient-CacheRefreshExecutor-0 com.netflix.discovery.DiscoveryClient Registered Applications size is zero : true
2020-六月-02 16:19:09.158 INFO   DiscoveryClient-CacheRefreshExecutor-0 com.netflix.discovery.DiscoveryClient Application version is -1: true
2020-六月-02 16:19:09.158 INFO   DiscoveryClient-CacheRefreshExecutor-0 com.netflix.discovery.DiscoveryClient Getting all instance registry info from the eureka server
2020-六月-02 16:19:13.379 INFO   DiscoveryClient-InstanceInfoReplicator-0 com.netflix.discovery.DiscoveryClient DiscoveryClient_JZDD-BACKEND/DESKTOP-TNTH64G:jzdd-backend:9001: registering service...
2020-六月-02 16:19:43.281 INFO   DiscoveryClient-CacheRefreshExecutor-0 com.netflix.discovery.DiscoveryClient Disable delta property : false
2020-六月-02 16:19:43.281 INFO   DiscoveryClient-CacheRefreshExecutor-0 com.netflix.discovery.DiscoveryClient Single vip registry refresh property : null
2020-六月-02 16:19:43.281 INFO   DiscoveryClient-CacheRefreshExecutor-0 com.netflix.discovery.DiscoveryClient Force full registry fetch : false
2020-六月-02 16:19:43.281 INFO   DiscoveryClient-CacheRefreshExecutor-0 com.netflix.discovery.DiscoveryClient Application is null : false
2020-六月-02 16:19:43.281 INFO   DiscoveryClient-CacheRefreshExecutor-0 com.netflix.discovery.DiscoveryClient Registered Applications size is zero : true
2020-六月-02 16:19:43.281 INFO   DiscoveryClient-CacheRefreshExecutor-0 com.netflix.discovery.DiscoveryClient Application version is -1: true
2020-六月-02 16:19:43.281 INFO   DiscoveryClient-CacheRefreshExecutor-0 com.netflix.discovery.DiscoveryClient Getting all instance registry info from the eureka server
2020-六月-02 16:19:47.488 INFO   DiscoveryClient-InstanceInfoReplicator-0 com.netflix.discovery.DiscoveryClient DiscoveryClient_JZDD-BACKEND/DESKTOP-TNTH64G:jzdd-backend:9001: registering service...
2020-六月-02 16:20:17.383 INFO   DiscoveryClient-CacheRefreshExecutor-0 com.netflix.discovery.DiscoveryClient Disable delta property : false
2020-六月-02 16:20:17.384 INFO   DiscoveryClient-CacheRefreshExecutor-0 com.netflix.discovery.DiscoveryClient Single vip registry refresh property : null
2020-六月-02 16:20:17.384 INFO   DiscoveryClient-CacheRefreshExecutor-0 com.netflix.discovery.DiscoveryClient Force full registry fetch : false
2020-六月-02 16:20:17.384 INFO   DiscoveryClient-CacheRefreshExecutor-0 com.netflix.discovery.DiscoveryClient Application is null : false
2020-六月-02 16:20:17.384 INFO   DiscoveryClient-CacheRefreshExecutor-0 com.netflix.discovery.DiscoveryClient Registered Applications size is zero : true
2020-六月-02 16:20:17.385 INFO   DiscoveryClient-CacheRefreshExecutor-0 com.netflix.discovery.DiscoveryClient Application version is -1: true
2020-六月-02 16:20:17.385 INFO   DiscoveryClient-CacheRefreshExecutor-0 com.netflix.discovery.DiscoveryClient Getting all instance registry info from the eureka server
2020-六月-02 16:20:21.587 INFO   DiscoveryClient-InstanceInfoReplicator-0 com.netflix.discovery.DiscoveryClient DiscoveryClient_JZDD-BACKEND/DESKTOP-TNTH64G:jzdd-backend:9001: registering service...
2020-六月-02 16:20:51.405 INFO   DiscoveryClient-CacheRefreshExecutor-0 com.netflix.discovery.DiscoveryClient Disable delta property : false
2020-六月-02 16:20:51.405 INFO   DiscoveryClient-CacheRefreshExecutor-0 com.netflix.discovery.DiscoveryClient Single vip registry refresh property : null
2020-六月-02 16:20:51.405 INFO   DiscoveryClient-CacheRefreshExecutor-0 com.netflix.discovery.DiscoveryClient Force full registry fetch : false
2020-六月-02 16:20:51.405 INFO   DiscoveryClient-CacheRefreshExecutor-0 com.netflix.discovery.DiscoveryClient Application is null : false
2020-六月-02 16:20:51.406 INFO   DiscoveryClient-CacheRefreshExecutor-0 com.netflix.discovery.DiscoveryClient Registered Applications size is zero : true
2020-六月-02 16:20:51.406 INFO   DiscoveryClient-CacheRefreshExecutor-0 com.netflix.discovery.DiscoveryClient Application version is -1: true
2020-六月-02 16:20:51.406 INFO   DiscoveryClient-CacheRefreshExecutor-0 com.netflix.discovery.DiscoveryClient Getting all instance registry info from the eureka server
2020-六月-02 16:20:55.602 INFO   DiscoveryClient-InstanceInfoReplicator-0 com.netflix.discovery.DiscoveryClient DiscoveryClient_JZDD-BACKEND/DESKTOP-TNTH64G:jzdd-backend:9001: registering service...
2020-六月-02 16:21:25.433 INFO   DiscoveryClient-CacheRefreshExecutor-0 com.netflix.discovery.DiscoveryClient Disable delta property : false
2020-六月-02 16:21:25.433 INFO   DiscoveryClient-CacheRefreshExecutor-0 com.netflix.discovery.DiscoveryClient Single vip registry refresh property : null
2020-六月-02 16:21:25.433 INFO   DiscoveryClient-CacheRefreshExecutor-0 com.netflix.discovery.DiscoveryClient Force full registry fetch : false
2020-六月-02 16:21:25.434 INFO   DiscoveryClient-CacheRefreshExecutor-0 com.netflix.discovery.DiscoveryClient Application is null : false
2020-六月-02 16:21:25.434 INFO   DiscoveryClient-CacheRefreshExecutor-0 com.netflix.discovery.DiscoveryClient Registered Applications size is zero : true
2020-六月-02 16:21:25.435 INFO   DiscoveryClient-CacheRefreshExecutor-0 com.netflix.discovery.DiscoveryClient Application version is -1: true
2020-六月-02 16:21:25.435 INFO   DiscoveryClient-CacheRefreshExecutor-0 com.netflix.discovery.DiscoveryClient Getting all instance registry info from the eureka server
2020-六月-02 16:21:29.616 INFO   DiscoveryClient-InstanceInfoReplicator-0 com.netflix.discovery.DiscoveryClient DiscoveryClient_JZDD-BACKEND/DESKTOP-TNTH64G:jzdd-backend:9001: registering service...
2020-六月-02 16:21:59.458 INFO   DiscoveryClient-CacheRefreshExecutor-0 com.netflix.discovery.DiscoveryClient Disable delta property : false
2020-六月-02 16:21:59.458 INFO   DiscoveryClient-CacheRefreshExecutor-0 com.netflix.discovery.DiscoveryClient Single vip registry refresh property : null
2020-六月-02 16:21:59.458 INFO   DiscoveryClient-CacheRefreshExecutor-0 com.netflix.discovery.DiscoveryClient Force full registry fetch : false
2020-六月-02 16:21:59.458 INFO   DiscoveryClient-CacheRefreshExecutor-0 com.netflix.discovery.DiscoveryClient Application is null : false
2020-六月-02 16:21:59.458 INFO   DiscoveryClient-CacheRefreshExecutor-0 com.netflix.discovery.DiscoveryClient Registered Applications size is zero : true
2020-六月-02 16:21:59.458 INFO   DiscoveryClient-CacheRefreshExecutor-0 com.netflix.discovery.DiscoveryClient Application version is -1: true
2020-六月-02 16:21:59.458 INFO   DiscoveryClient-CacheRefreshExecutor-0 com.netflix.discovery.DiscoveryClient Getting all instance registry info from the eureka server
2020-六月-02 16:22:03.692 INFO   DiscoveryClient-InstanceInfoReplicator-0 com.netflix.discovery.DiscoveryClient DiscoveryClient_JZDD-BACKEND/DESKTOP-TNTH64G:jzdd-backend:9001: registering service...
2020-六月-02 16:22:23.752 INFO   main cn.backend.BackendApplication The following profiles are active: data-dev
2020-六月-02 16:22:27.673 INFO   main cn.backend.config.i18n.MessageSourceConfig init MessageResource...
2020-六月-02 16:22:28.023 INFO   main org.apache.catalina.core.StandardService Starting service [Tomcat]
2020-六月-02 16:22:28.023 INFO   main org.apache.catalina.core.StandardEngine Starting Servlet Engine: Apache Tomcat/8.5.23
2020-六月-02 16:22:28.179 INFO   localhost-startStop-1 org.apache.catalina.core.ContainerBase.[Tomcat].[localhost].[/] Initializing Spring embedded WebApplicationContext
2020-六月-02 16:22:28.863 INFO   main org.flywaydb.core.internal.util.VersionPrinter Flyway Community Edition 5.0.3 by Boxfuse
2020-六月-02 16:22:29.472 INFO   main org.flywaydb.core.internal.database.DatabaseFactory Database: jdbc:mysql://114.116.21.190:3306/jzdd (MySQL 5.6)
2020-六月-02 16:22:30.128 INFO   main org.flywaydb.core.internal.command.DbValidate Successfully validated 57 migrations (execution time 00:00.380s)
2020-六月-02 16:22:31.019 INFO   main org.flywaydb.core.internal.command.DbMigrate Current version of schema `jzdd`: 1.56
2020-六月-02 16:22:31.066 INFO   main org.flywaydb.core.internal.command.DbMigrate Schema `jzdd` is up to date. No migration necessary.
2020-六月-02 16:22:31.440 INFO   main com.alibaba.druid.pool.DruidDataSource {dataSource-1} inited
2020-六月-02 16:22:42.687 INFO   main com.netflix.config.sources.URLConfigurationSource To enable URLs as dynamic configuration sources, define System property archaius.configurationSource.additionalUrls or make config.properties available on classpath.
2020-六月-02 16:22:42.703 INFO   main com.netflix.config.sources.URLConfigurationSource To enable URLs as dynamic configuration sources, define System property archaius.configurationSource.additionalUrls or make config.properties available on classpath.
2020-六月-02 16:22:45.015 INFO   main com.netflix.discovery.DiscoveryClient Initializing Eureka in region us-east-1
2020-六月-02 16:22:45.437 INFO   main com.netflix.discovery.provider.DiscoveryJerseyProvider Using JSON encoding codec LegacyJacksonJson
2020-六月-02 16:22:45.437 INFO   main com.netflix.discovery.provider.DiscoveryJerseyProvider Using JSON decoding codec LegacyJacksonJson
2020-六月-02 16:22:45.530 INFO   main com.netflix.discovery.provider.DiscoveryJerseyProvider Using XML encoding codec XStreamXml
2020-六月-02 16:22:45.530 INFO   main com.netflix.discovery.provider.DiscoveryJerseyProvider Using XML decoding codec XStreamXml
2020-六月-02 16:22:45.702 INFO   main com.netflix.discovery.shared.resolver.aws.ConfigClusterResolver Resolving eureka endpoints via configuration
2020-六月-02 16:22:45.921 INFO   main com.netflix.discovery.DiscoveryClient Disable delta property : false
2020-六月-02 16:22:45.921 INFO   main com.netflix.discovery.DiscoveryClient Single vip registry refresh property : null
2020-六月-02 16:22:45.921 INFO   main com.netflix.discovery.DiscoveryClient Force full registry fetch : false
2020-六月-02 16:22:45.921 INFO   main com.netflix.discovery.DiscoveryClient Application is null : false
2020-六月-02 16:22:45.921 INFO   main com.netflix.discovery.DiscoveryClient Registered Applications size is zero : true
2020-六月-02 16:22:45.921 INFO   main com.netflix.discovery.DiscoveryClient Application version is -1: true
2020-六月-02 16:22:45.921 INFO   main com.netflix.discovery.DiscoveryClient Getting all instance registry info from the eureka server
2020-六月-02 16:22:50.092 INFO   main com.netflix.discovery.DiscoveryClient Starting heartbeat executor: renew interval is: 10
2020-六月-02 16:22:50.092 INFO   main com.netflix.discovery.InstanceInfoReplicator InstanceInfoReplicator onDemand update allowed rate per min is 4
2020-六月-02 16:22:50.107 INFO   main com.netflix.discovery.DiscoveryClient Discovery Client initialized at timestamp 1591086170107 with initial instances count: 0
2020-六月-02 16:22:50.139 INFO   main com.netflix.discovery.DiscoveryClient Saw local status change event StatusChangeEvent [timestamp=1591086170139, current=UP, previous=STARTING]
2020-六月-02 16:22:50.139 INFO   DiscoveryClient-InstanceInfoReplicator-0 com.netflix.discovery.DiscoveryClient DiscoveryClient_JZDD-BACKEND/DESKTOP-TNTH64G:jzdd-backend:9001: registering service...
2020-六月-02 16:22:52.960 INFO   main org.apache.coyote.http11.Http11NioProtocol Initializing ProtocolHandler ["http-nio-9001"]
2020-六月-02 16:22:52.976 INFO   main org.apache.coyote.http11.Http11NioProtocol Starting ProtocolHandler ["http-nio-9001"]
2020-六月-02 16:22:52.991 INFO   main org.apache.tomcat.util.net.NioSelectorPool Using a shared selector for servlet write/read
2020-六月-02 16:22:53.022 INFO   main cn.backend.BackendApplication Started BackendApplication in 31.85 seconds (JVM running for 33.488)
2020-六月-02 16:23:20.098 INFO   DiscoveryClient-CacheRefreshExecutor-0 com.netflix.discovery.DiscoveryClient Disable delta property : false
2020-六月-02 16:23:20.099 INFO   DiscoveryClient-CacheRefreshExecutor-0 com.netflix.discovery.DiscoveryClient Single vip registry refresh property : null
2020-六月-02 16:23:20.099 INFO   DiscoveryClient-CacheRefreshExecutor-0 com.netflix.discovery.DiscoveryClient Force full registry fetch : false
2020-六月-02 16:23:20.099 INFO   DiscoveryClient-CacheRefreshExecutor-0 com.netflix.discovery.DiscoveryClient Application is null : false
2020-六月-02 16:23:20.099 INFO   DiscoveryClient-CacheRefreshExecutor-0 com.netflix.discovery.DiscoveryClient Registered Applications size is zero : true
2020-六月-02 16:23:20.100 INFO   DiscoveryClient-CacheRefreshExecutor-0 com.netflix.discovery.DiscoveryClient Application version is -1: true
2020-六月-02 16:23:20.100 INFO   DiscoveryClient-CacheRefreshExecutor-0 com.netflix.discovery.DiscoveryClient Getting all instance registry info from the eureka server
2020-六月-02 16:23:24.260 INFO   DiscoveryClient-InstanceInfoReplicator-0 com.netflix.discovery.DiscoveryClient DiscoveryClient_JZDD-BACKEND/DESKTOP-TNTH64G:jzdd-backend:9001: registering service...
2020-六月-02 16:23:54.114 INFO   DiscoveryClient-CacheRefreshExecutor-0 com.netflix.discovery.DiscoveryClient Disable delta property : false
2020-六月-02 16:23:54.115 INFO   DiscoveryClient-CacheRefreshExecutor-0 com.netflix.discovery.DiscoveryClient Single vip registry refresh property : null
2020-六月-02 16:23:54.115 INFO   DiscoveryClient-CacheRefreshExecutor-0 com.netflix.discovery.DiscoveryClient Force full registry fetch : false
2020-六月-02 16:23:54.115 INFO   DiscoveryClient-CacheRefreshExecutor-0 com.netflix.discovery.DiscoveryClient Application is null : false
2020-六月-02 16:23:54.115 INFO   DiscoveryClient-CacheRefreshExecutor-0 com.netflix.discovery.DiscoveryClient Registered Applications size is zero : true
2020-六月-02 16:23:54.115 INFO   DiscoveryClient-CacheRefreshExecutor-0 com.netflix.discovery.DiscoveryClient Application version is -1: true
2020-六月-02 16:23:54.115 INFO   DiscoveryClient-CacheRefreshExecutor-0 com.netflix.discovery.DiscoveryClient Getting all instance registry info from the eureka server
2020-六月-02 16:23:58.311 INFO   DiscoveryClient-InstanceInfoReplicator-0 com.netflix.discovery.DiscoveryClient DiscoveryClient_JZDD-BACKEND/DESKTOP-TNTH64G:jzdd-backend:9001: registering service...
2020-六月-02 16:24:28.137 INFO   DiscoveryClient-CacheRefreshExecutor-0 com.netflix.discovery.DiscoveryClient Disable delta property : false
2020-六月-02 16:24:28.138 INFO   DiscoveryClient-CacheRefreshExecutor-0 com.netflix.discovery.DiscoveryClient Single vip registry refresh property : null
2020-六月-02 16:24:28.138 INFO   DiscoveryClient-CacheRefreshExecutor-0 com.netflix.discovery.DiscoveryClient Force full registry fetch : false
2020-六月-02 16:24:28.138 INFO   DiscoveryClient-CacheRefreshExecutor-0 com.netflix.discovery.DiscoveryClient Application is null : false
2020-六月-02 16:24:28.139 INFO   DiscoveryClient-CacheRefreshExecutor-0 com.netflix.discovery.DiscoveryClient Registered Applications size is zero : true
2020-六月-02 16:24:28.139 INFO   DiscoveryClient-CacheRefreshExecutor-0 com.netflix.discovery.DiscoveryClient Application version is -1: true
2020-六月-02 16:24:28.139 INFO   DiscoveryClient-CacheRefreshExecutor-0 com.netflix.discovery.DiscoveryClient Getting all instance registry info from the eureka server
2020-六月-02 16:24:32.345 INFO   DiscoveryClient-InstanceInfoReplicator-0 com.netflix.discovery.DiscoveryClient DiscoveryClient_JZDD-BACKEND/DESKTOP-TNTH64G:jzdd-backend:9001: registering service...
2020-六月-02 16:25:02.214 INFO   DiscoveryClient-CacheRefreshExecutor-0 com.netflix.discovery.DiscoveryClient Disable delta property : false
2020-六月-02 16:25:02.214 INFO   DiscoveryClient-CacheRefreshExecutor-0 com.netflix.discovery.DiscoveryClient Single vip registry refresh property : null
2020-六月-02 16:25:02.214 INFO   DiscoveryClient-CacheRefreshExecutor-0 com.netflix.discovery.DiscoveryClient Force full registry fetch : false
2020-六月-02 16:25:02.214 INFO   DiscoveryClient-CacheRefreshExecutor-0 com.netflix.discovery.DiscoveryClient Application is null : false
2020-六月-02 16:25:02.214 INFO   DiscoveryClient-CacheRefreshExecutor-0 com.netflix.discovery.DiscoveryClient Registered Applications size is zero : true
2020-六月-02 16:25:02.214 INFO   DiscoveryClient-CacheRefreshExecutor-0 com.netflix.discovery.DiscoveryClient Application version is -1: true
2020-六月-02 16:25:02.214 INFO   DiscoveryClient-CacheRefreshExecutor-0 com.netflix.discovery.DiscoveryClient Getting all instance registry info from the eureka server
2020-六月-02 16:25:06.370 INFO   DiscoveryClient-InstanceInfoReplicator-0 com.netflix.discovery.DiscoveryClient DiscoveryClient_JZDD-BACKEND/DESKTOP-TNTH64G:jzdd-backend:9001: registering service...
2020-六月-02 16:25:36.249 INFO   DiscoveryClient-CacheRefreshExecutor-0 com.netflix.discovery.DiscoveryClient Disable delta property : false
2020-六月-02 16:25:36.249 INFO   DiscoveryClient-CacheRefreshExecutor-0 com.netflix.discovery.DiscoveryClient Single vip registry refresh property : null
2020-六月-02 16:25:36.250 INFO   DiscoveryClient-CacheRefreshExecutor-0 com.netflix.discovery.DiscoveryClient Force full registry fetch : false
2020-六月-02 16:25:36.250 INFO   DiscoveryClient-CacheRefreshExecutor-0 com.netflix.discovery.DiscoveryClient Application is null : false
2020-六月-02 16:25:36.250 INFO   DiscoveryClient-CacheRefreshExecutor-0 com.netflix.discovery.DiscoveryClient Registered Applications size is zero : true
2020-六月-02 16:25:36.251 INFO   DiscoveryClient-CacheRefreshExecutor-0 com.netflix.discovery.DiscoveryClient Application version is -1: true
2020-六月-02 16:25:36.251 INFO   DiscoveryClient-CacheRefreshExecutor-0 com.netflix.discovery.DiscoveryClient Getting all instance registry info from the eureka server
2020-六月-02 16:25:40.411 INFO   DiscoveryClient-InstanceInfoReplicator-0 com.netflix.discovery.DiscoveryClient DiscoveryClient_JZDD-BACKEND/DESKTOP-TNTH64G:jzdd-backend:9001: registering service...
2020-六月-02 16:26:10.296 INFO   DiscoveryClient-CacheRefreshExecutor-0 com.netflix.discovery.DiscoveryClient Disable delta property : false
2020-六月-02 16:26:10.296 INFO   DiscoveryClient-CacheRefreshExecutor-0 com.netflix.discovery.DiscoveryClient Single vip registry refresh property : null
2020-六月-02 16:26:10.297 INFO   DiscoveryClient-CacheRefreshExecutor-0 com.netflix.discovery.DiscoveryClient Force full registry fetch : false
2020-六月-02 16:26:10.297 INFO   DiscoveryClient-CacheRefreshExecutor-0 com.netflix.discovery.DiscoveryClient Application is null : false
2020-六月-02 16:26:10.297 INFO   DiscoveryClient-CacheRefreshExecutor-0 com.netflix.discovery.DiscoveryClient Registered Applications size is zero : true
2020-六月-02 16:26:10.297 INFO   DiscoveryClient-CacheRefreshExecutor-0 com.netflix.discovery.DiscoveryClient Application version is -1: true
2020-六月-02 16:26:10.298 INFO   DiscoveryClient-CacheRefreshExecutor-0 com.netflix.discovery.DiscoveryClient Getting all instance registry info from the eureka server
2020-六月-02 16:26:14.436 INFO   DiscoveryClient-InstanceInfoReplicator-0 com.netflix.discovery.DiscoveryClient DiscoveryClient_JZDD-BACKEND/DESKTOP-TNTH64G:jzdd-backend:9001: registering service...
2020-六月-02 16:26:44.312 INFO   DiscoveryClient-CacheRefreshExecutor-0 com.netflix.discovery.DiscoveryClient Disable delta property : false
2020-六月-02 16:26:44.313 INFO   DiscoveryClient-CacheRefreshExecutor-0 com.netflix.discovery.DiscoveryClient Single vip registry refresh property : null
2020-六月-02 16:26:44.313 INFO   DiscoveryClient-CacheRefreshExecutor-0 com.netflix.discovery.DiscoveryClient Force full registry fetch : false
2020-六月-02 16:26:44.313 INFO   DiscoveryClient-CacheRefreshExecutor-0 com.netflix.discovery.DiscoveryClient Application is null : false
2020-六月-02 16:26:44.313 INFO   DiscoveryClient-CacheRefreshExecutor-0 com.netflix.discovery.DiscoveryClient Registered Applications size is zero : true
2020-六月-02 16:26:44.314 INFO   DiscoveryClient-CacheRefreshExecutor-0 com.netflix.discovery.DiscoveryClient Application version is -1: true
2020-六月-02 16:26:44.314 INFO   DiscoveryClient-CacheRefreshExecutor-0 com.netflix.discovery.DiscoveryClient Getting all instance registry info from the eureka server
2020-六月-02 16:26:48.448 INFO   DiscoveryClient-InstanceInfoReplicator-0 com.netflix.discovery.DiscoveryClient DiscoveryClient_JZDD-BACKEND/DESKTOP-TNTH64G:jzdd-backend:9001: registering service...
2020-六月-02 16:27:18.358 INFO   DiscoveryClient-CacheRefreshExecutor-0 com.netflix.discovery.DiscoveryClient Disable delta property : false
2020-六月-02 16:27:18.358 INFO   DiscoveryClient-CacheRefreshExecutor-0 com.netflix.discovery.DiscoveryClient Single vip registry refresh property : null
2020-六月-02 16:27:18.359 INFO   DiscoveryClient-CacheRefreshExecutor-0 com.netflix.discovery.DiscoveryClient Force full registry fetch : false
2020-六月-02 16:27:18.359 INFO   DiscoveryClient-CacheRefreshExecutor-0 com.netflix.discovery.DiscoveryClient Application is null : false
2020-六月-02 16:27:18.359 INFO   DiscoveryClient-CacheRefreshExecutor-0 com.netflix.discovery.DiscoveryClient Registered Applications size is zero : true
2020-六月-02 16:27:18.359 INFO   DiscoveryClient-CacheRefreshExecutor-0 com.netflix.discovery.DiscoveryClient Application version is -1: true
2020-六月-02 16:27:18.359 INFO   DiscoveryClient-CacheRefreshExecutor-0 com.netflix.discovery.DiscoveryClient Getting all instance registry info from the eureka server
2020-六月-02 16:27:22.510 INFO   DiscoveryClient-InstanceInfoReplicator-0 com.netflix.discovery.DiscoveryClient DiscoveryClient_JZDD-BACKEND/DESKTOP-TNTH64G:jzdd-backend:9001: registering service...
2020-六月-02 16:27:45.927 INFO   AsyncResolver-bootstrap-executor-0 com.netflix.discovery.shared.resolver.aws.ConfigClusterResolver Resolving eureka endpoints via configuration
2020-六月-02 16:27:52.407 INFO   DiscoveryClient-CacheRefreshExecutor-0 com.netflix.discovery.DiscoveryClient Disable delta property : false
2020-六月-02 16:27:52.407 INFO   DiscoveryClient-CacheRefreshExecutor-0 com.netflix.discovery.DiscoveryClient Single vip registry refresh property : null
2020-六月-02 16:27:52.408 INFO   DiscoveryClient-CacheRefreshExecutor-0 com.netflix.discovery.DiscoveryClient Force full registry fetch : false
2020-六月-02 16:27:52.408 INFO   DiscoveryClient-CacheRefreshExecutor-0 com.netflix.discovery.DiscoveryClient Application is null : false
2020-六月-02 16:27:52.408 INFO   DiscoveryClient-CacheRefreshExecutor-0 com.netflix.discovery.DiscoveryClient Registered Applications size is zero : true
2020-六月-02 16:27:52.408 INFO   DiscoveryClient-CacheRefreshExecutor-0 com.netflix.discovery.DiscoveryClient Application version is -1: true
2020-六月-02 16:27:52.408 INFO   DiscoveryClient-CacheRefreshExecutor-0 com.netflix.discovery.DiscoveryClient Getting all instance registry info from the eureka server
2020-六月-02 16:27:56.569 INFO   DiscoveryClient-InstanceInfoReplicator-0 com.netflix.discovery.DiscoveryClient DiscoveryClient_JZDD-BACKEND/DESKTOP-TNTH64G:jzdd-backend:9001: registering service...
2020-六月-02 16:28:26.432 INFO   DiscoveryClient-CacheRefreshExecutor-0 com.netflix.discovery.DiscoveryClient Disable delta property : false
2020-六月-02 16:28:26.432 INFO   DiscoveryClient-CacheRefreshExecutor-0 com.netflix.discovery.DiscoveryClient Single vip registry refresh property : null
2020-六月-02 16:28:26.434 INFO   DiscoveryClient-CacheRefreshExecutor-0 com.netflix.discovery.DiscoveryClient Force full registry fetch : false
2020-六月-02 16:28:26.435 INFO   DiscoveryClient-CacheRefreshExecutor-0 com.netflix.discovery.DiscoveryClient Application is null : false
2020-六月-02 16:28:26.435 INFO   DiscoveryClient-CacheRefreshExecutor-0 com.netflix.discovery.DiscoveryClient Registered Applications size is zero : true
2020-六月-02 16:28:26.435 INFO   DiscoveryClient-CacheRefreshExecutor-0 com.netflix.discovery.DiscoveryClient Application version is -1: true
2020-六月-02 16:28:26.435 INFO   DiscoveryClient-CacheRefreshExecutor-0 com.netflix.discovery.DiscoveryClient Getting all instance registry info from the eureka server
2020-六月-02 16:28:30.592 INFO   DiscoveryClient-InstanceInfoReplicator-0 com.netflix.discovery.DiscoveryClient DiscoveryClient_JZDD-BACKEND/DESKTOP-TNTH64G:jzdd-backend:9001: registering service...
2020-六月-02 16:29:00.483 INFO   DiscoveryClient-CacheRefreshExecutor-0 com.netflix.discovery.DiscoveryClient Disable delta property : false
2020-六月-02 16:29:00.483 INFO   DiscoveryClient-CacheRefreshExecutor-0 com.netflix.discovery.DiscoveryClient Single vip registry refresh property : null
2020-六月-02 16:29:00.483 INFO   DiscoveryClient-CacheRefreshExecutor-0 com.netflix.discovery.DiscoveryClient Force full registry fetch : false
2020-六月-02 16:29:00.483 INFO   DiscoveryClient-CacheRefreshExecutor-0 com.netflix.discovery.DiscoveryClient Application is null : false
2020-六月-02 16:29:00.483 INFO   DiscoveryClient-CacheRefreshExecutor-0 com.netflix.discovery.DiscoveryClient Registered Applications size is zero : true
2020-六月-02 16:29:00.483 INFO   DiscoveryClient-CacheRefreshExecutor-0 com.netflix.discovery.DiscoveryClient Application version is -1: true
2020-六月-02 16:29:00.483 INFO   DiscoveryClient-CacheRefreshExecutor-0 com.netflix.discovery.DiscoveryClient Getting all instance registry info from the eureka server
2020-六月-02 16:29:04.624 INFO   DiscoveryClient-InstanceInfoReplicator-0 com.netflix.discovery.DiscoveryClient DiscoveryClient_JZDD-BACKEND/DESKTOP-TNTH64G:jzdd-backend:9001: registering service...
2020-六月-02 16:29:34.508 INFO   DiscoveryClient-CacheRefreshExecutor-0 com.netflix.discovery.DiscoveryClient Disable delta property : false
2020-六月-02 16:29:34.508 INFO   DiscoveryClient-CacheRefreshExecutor-0 com.netflix.discovery.DiscoveryClient Single vip registry refresh property : null
2020-六月-02 16:29:34.508 INFO   DiscoveryClient-CacheRefreshExecutor-0 com.netflix.discovery.DiscoveryClient Force full registry fetch : false
2020-六月-02 16:29:34.509 INFO   DiscoveryClient-CacheRefreshExecutor-0 com.netflix.discovery.DiscoveryClient Application is null : false
2020-六月-02 16:29:34.509 INFO   DiscoveryClient-CacheRefreshExecutor-0 com.netflix.discovery.DiscoveryClient Registered Applications size is zero : true
2020-六月-02 16:29:34.509 INFO   DiscoveryClient-CacheRefreshExecutor-0 com.netflix.discovery.DiscoveryClient Application version is -1: true
2020-六月-02 16:29:34.509 INFO   DiscoveryClient-CacheRefreshExecutor-0 com.netflix.discovery.DiscoveryClient Getting all instance registry info from the eureka server
2020-六月-02 16:29:38.655 INFO   DiscoveryClient-InstanceInfoReplicator-0 com.netflix.discovery.DiscoveryClient DiscoveryClient_JZDD-BACKEND/DESKTOP-TNTH64G:jzdd-backend:9001: registering service...
2020-六月-02 16:30:08.539 INFO   DiscoveryClient-CacheRefreshExecutor-0 com.netflix.discovery.DiscoveryClient Disable delta property : false
2020-六月-02 16:30:08.539 INFO   DiscoveryClient-CacheRefreshExecutor-0 com.netflix.discovery.DiscoveryClient Single vip registry refresh property : null
2020-六月-02 16:30:08.540 INFO   DiscoveryClient-CacheRefreshExecutor-0 com.netflix.discovery.DiscoveryClient Force full registry fetch : false
2020-六月-02 16:30:08.540 INFO   DiscoveryClient-CacheRefreshExecutor-0 com.netflix.discovery.DiscoveryClient Application is null : false
2020-六月-02 16:30:08.540 INFO   DiscoveryClient-CacheRefreshExecutor-0 com.netflix.discovery.DiscoveryClient Registered Applications size is zero : true
2020-六月-02 16:30:08.540 INFO   DiscoveryClient-CacheRefreshExecutor-0 com.netflix.discovery.DiscoveryClient Application version is -1: true
2020-六月-02 16:30:08.540 INFO   DiscoveryClient-CacheRefreshExecutor-0 com.netflix.discovery.DiscoveryClient Getting all instance registry info from the eureka server
2020-六月-02 16:30:12.667 INFO   DiscoveryClient-InstanceInfoReplicator-0 com.netflix.discovery.DiscoveryClient DiscoveryClient_JZDD-BACKEND/DESKTOP-TNTH64G:jzdd-backend:9001: registering service...
2020-六月-02 16:30:42.578 INFO   DiscoveryClient-CacheRefreshExecutor-0 com.netflix.discovery.DiscoveryClient Disable delta property : false
2020-六月-02 16:30:42.578 INFO   DiscoveryClient-CacheRefreshExecutor-0 com.netflix.discovery.DiscoveryClient Single vip registry refresh property : null
2020-六月-02 16:30:42.579 INFO   DiscoveryClient-CacheRefreshExecutor-0 com.netflix.discovery.DiscoveryClient Force full registry fetch : false
2020-六月-02 16:30:42.579 INFO   DiscoveryClient-CacheRefreshExecutor-0 com.netflix.discovery.DiscoveryClient Application is null : false
2020-六月-02 16:30:42.580 INFO   DiscoveryClient-CacheRefreshExecutor-0 com.netflix.discovery.DiscoveryClient Registered Applications size is zero : true
2020-六月-02 16:30:42.581 INFO   DiscoveryClient-CacheRefreshExecutor-0 com.netflix.discovery.DiscoveryClient Application version is -1: true
2020-六月-02 16:30:42.583 INFO   DiscoveryClient-CacheRefreshExecutor-0 com.netflix.discovery.DiscoveryClient Getting all instance registry info from the eureka server
2020-六月-02 16:30:46.708 INFO   DiscoveryClient-InstanceInfoReplicator-0 com.netflix.discovery.DiscoveryClient DiscoveryClient_JZDD-BACKEND/DESKTOP-TNTH64G:jzdd-backend:9001: registering service...
2020-六月-02 16:31:16.643 INFO   DiscoveryClient-CacheRefreshExecutor-0 com.netflix.discovery.DiscoveryClient Disable delta property : false
2020-六月-02 16:31:16.643 INFO   DiscoveryClient-CacheRefreshExecutor-0 com.netflix.discovery.DiscoveryClient Single vip registry refresh property : null
2020-六月-02 16:31:16.644 INFO   DiscoveryClient-CacheRefreshExecutor-0 com.netflix.discovery.DiscoveryClient Force full registry fetch : false
2020-六月-02 16:31:16.644 INFO   DiscoveryClient-CacheRefreshExecutor-0 com.netflix.discovery.DiscoveryClient Application is null : false
2020-六月-02 16:31:16.644 INFO   DiscoveryClient-CacheRefreshExecutor-0 com.netflix.discovery.DiscoveryClient Registered Applications size is zero : true
2020-六月-02 16:31:16.644 INFO   DiscoveryClient-CacheRefreshExecutor-0 com.netflix.discovery.DiscoveryClient Application version is -1: true
2020-六月-02 16:31:16.644 INFO   DiscoveryClient-CacheRefreshExecutor-0 com.netflix.discovery.DiscoveryClient Getting all instance registry info from the eureka server
2020-六月-02 16:31:20.823 INFO   DiscoveryClient-InstanceInfoReplicator-0 com.netflix.discovery.DiscoveryClient DiscoveryClient_JZDD-BACKEND/DESKTOP-TNTH64G:jzdd-backend:9001: registering service...
2020-六月-02 16:31:50.683 INFO   DiscoveryClient-CacheRefreshExecutor-0 com.netflix.discovery.DiscoveryClient Disable delta property : false
2020-六月-02 16:31:50.683 INFO   DiscoveryClient-CacheRefreshExecutor-0 com.netflix.discovery.DiscoveryClient Single vip registry refresh property : null
2020-六月-02 16:31:50.684 INFO   DiscoveryClient-CacheRefreshExecutor-0 com.netflix.discovery.DiscoveryClient Force full registry fetch : false
2020-六月-02 16:31:50.684 INFO   DiscoveryClient-CacheRefreshExecutor-0 com.netflix.discovery.DiscoveryClient Application is null : false
2020-六月-02 16:31:50.684 INFO   DiscoveryClient-CacheRefreshExecutor-0 com.netflix.discovery.DiscoveryClient Registered Applications size is zero : true
2020-六月-02 16:31:50.684 INFO   DiscoveryClient-CacheRefreshExecutor-0 com.netflix.discovery.DiscoveryClient Application version is -1: true
2020-六月-02 16:31:50.685 INFO   DiscoveryClient-CacheRefreshExecutor-0 com.netflix.discovery.DiscoveryClient Getting all instance registry info from the eureka server
2020-六月-02 16:31:54.858 INFO   DiscoveryClient-InstanceInfoReplicator-0 com.netflix.discovery.DiscoveryClient DiscoveryClient_JZDD-BACKEND/DESKTOP-TNTH64G:jzdd-backend:9001: registering service...
2020-六月-02 16:32:24.766 INFO   DiscoveryClient-CacheRefreshExecutor-0 com.netflix.discovery.DiscoveryClient Disable delta property : false
2020-六月-02 16:32:24.766 INFO   DiscoveryClient-CacheRefreshExecutor-0 com.netflix.discovery.DiscoveryClient Single vip registry refresh property : null
2020-六月-02 16:32:24.766 INFO   DiscoveryClient-CacheRefreshExecutor-0 com.netflix.discovery.DiscoveryClient Force full registry fetch : false
2020-六月-02 16:32:24.766 INFO   DiscoveryClient-CacheRefreshExecutor-0 com.netflix.discovery.DiscoveryClient Application is null : false
2020-六月-02 16:32:24.766 INFO   DiscoveryClient-CacheRefreshExecutor-0 com.netflix.discovery.DiscoveryClient Registered Applications size is zero : true
2020-六月-02 16:32:24.766 INFO   DiscoveryClient-CacheRefreshExecutor-0 com.netflix.discovery.DiscoveryClient Application version is -1: true
2020-六月-02 16:32:24.766 INFO   DiscoveryClient-CacheRefreshExecutor-0 com.netflix.discovery.DiscoveryClient Getting all instance registry info from the eureka server
2020-六月-02 16:32:28.895 INFO   DiscoveryClient-InstanceInfoReplicator-0 com.netflix.discovery.DiscoveryClient DiscoveryClient_JZDD-BACKEND/DESKTOP-TNTH64G:jzdd-backend:9001: registering service...
2020-六月-02 16:32:45.930 INFO   AsyncResolver-bootstrap-executor-0 com.netflix.discovery.shared.resolver.aws.ConfigClusterResolver Resolving eureka endpoints via configuration
2020-六月-02 16:32:58.785 INFO   DiscoveryClient-CacheRefreshExecutor-0 com.netflix.discovery.DiscoveryClient Disable delta property : false
2020-六月-02 16:32:58.785 INFO   DiscoveryClient-CacheRefreshExecutor-0 com.netflix.discovery.DiscoveryClient Single vip registry refresh property : null
2020-六月-02 16:32:58.785 INFO   DiscoveryClient-CacheRefreshExecutor-0 com.netflix.discovery.DiscoveryClient Force full registry fetch : false
2020-六月-02 16:32:58.785 INFO   DiscoveryClient-CacheRefreshExecutor-0 com.netflix.discovery.DiscoveryClient Application is null : false
2020-六月-02 16:32:58.786 INFO   DiscoveryClient-CacheRefreshExecutor-0 com.netflix.discovery.DiscoveryClient Registered Applications size is zero : true
2020-六月-02 16:32:58.786 INFO   DiscoveryClient-CacheRefreshExecutor-0 com.netflix.discovery.DiscoveryClient Application version is -1: true
2020-六月-02 16:32:58.786 INFO   DiscoveryClient-CacheRefreshExecutor-0 com.netflix.discovery.DiscoveryClient Getting all instance registry info from the eureka server
2020-六月-02 16:33:02.931 INFO   DiscoveryClient-InstanceInfoReplicator-0 com.netflix.discovery.DiscoveryClient DiscoveryClient_JZDD-BACKEND/DESKTOP-TNTH64G:jzdd-backend:9001: registering service...
2020-六月-02 16:33:32.811 INFO   DiscoveryClient-CacheRefreshExecutor-0 com.netflix.discovery.DiscoveryClient Disable delta property : false
2020-六月-02 16:33:32.811 INFO   DiscoveryClient-CacheRefreshExecutor-0 com.netflix.discovery.DiscoveryClient Single vip registry refresh property : null
2020-六月-02 16:33:32.812 INFO   DiscoveryClient-CacheRefreshExecutor-0 com.netflix.discovery.DiscoveryClient Force full registry fetch : false
2020-六月-02 16:33:32.812 INFO   DiscoveryClient-CacheRefreshExecutor-0 com.netflix.discovery.DiscoveryClient Application is null : false
2020-六月-02 16:33:32.812 INFO   DiscoveryClient-CacheRefreshExecutor-0 com.netflix.discovery.DiscoveryClient Registered Applications size is zero : true
2020-六月-02 16:33:32.812 INFO   DiscoveryClient-CacheRefreshExecutor-0 com.netflix.discovery.DiscoveryClient Application version is -1: true
2020-六月-02 16:33:32.812 INFO   DiscoveryClient-CacheRefreshExecutor-0 com.netflix.discovery.DiscoveryClient Getting all instance registry info from the eureka server
2020-六月-02 16:33:36.969 INFO   DiscoveryClient-InstanceInfoReplicator-0 com.netflix.discovery.DiscoveryClient DiscoveryClient_JZDD-BACKEND/DESKTOP-TNTH64G:jzdd-backend:9001: registering service...
2020-六月-02 16:34:06.823 INFO   DiscoveryClient-CacheRefreshExecutor-0 com.netflix.discovery.DiscoveryClient Disable delta property : false
2020-六月-02 16:34:06.823 INFO   DiscoveryClient-CacheRefreshExecutor-0 com.netflix.discovery.DiscoveryClient Single vip registry refresh property : null
2020-六月-02 16:34:06.823 INFO   DiscoveryClient-CacheRefreshExecutor-0 com.netflix.discovery.DiscoveryClient Force full registry fetch : false
2020-六月-02 16:34:06.824 INFO   DiscoveryClient-CacheRefreshExecutor-0 com.netflix.discovery.DiscoveryClient Application is null : false
2020-六月-02 16:34:06.824 INFO   DiscoveryClient-CacheRefreshExecutor-0 com.netflix.discovery.DiscoveryClient Registered Applications size is zero : true
2020-六月-02 16:34:06.824 INFO   DiscoveryClient-CacheRefreshExecutor-0 com.netflix.discovery.DiscoveryClient Application version is -1: true
2020-六月-02 16:34:06.824 INFO   DiscoveryClient-CacheRefreshExecutor-0 com.netflix.discovery.DiscoveryClient Getting all instance registry info from the eureka server
2020-六月-02 16:34:11.047 INFO   DiscoveryClient-InstanceInfoReplicator-0 com.netflix.discovery.DiscoveryClient DiscoveryClient_JZDD-BACKEND/DESKTOP-TNTH64G:jzdd-backend:9001: registering service...
2020-六月-02 16:34:40.862 INFO   DiscoveryClient-CacheRefreshExecutor-0 com.netflix.discovery.DiscoveryClient Disable delta property : false
2020-六月-02 16:34:40.863 INFO   DiscoveryClient-CacheRefreshExecutor-0 com.netflix.discovery.DiscoveryClient Single vip registry refresh property : null
2020-六月-02 16:34:40.863 INFO   DiscoveryClient-CacheRefreshExecutor-0 com.netflix.discovery.DiscoveryClient Force full registry fetch : false
2020-六月-02 16:34:40.864 INFO   DiscoveryClient-CacheRefreshExecutor-0 com.netflix.discovery.DiscoveryClient Application is null : false
2020-六月-02 16:34:40.864 INFO   DiscoveryClient-CacheRefreshExecutor-0 com.netflix.discovery.DiscoveryClient Registered Applications size is zero : true
2020-六月-02 16:34:40.864 INFO   DiscoveryClient-CacheRefreshExecutor-0 com.netflix.discovery.DiscoveryClient Application version is -1: true
2020-六月-02 16:34:40.864 INFO   DiscoveryClient-CacheRefreshExecutor-0 com.netflix.discovery.DiscoveryClient Getting all instance registry info from the eureka server
2020-六月-02 16:34:45.071 INFO   DiscoveryClient-InstanceInfoReplicator-0 com.netflix.discovery.DiscoveryClient DiscoveryClient_JZDD-BACKEND/DESKTOP-TNTH64G:jzdd-backend:9001: registering service...
2020-六月-02 16:35:14.890 INFO   DiscoveryClient-CacheRefreshExecutor-0 com.netflix.discovery.DiscoveryClient Disable delta property : false
2020-六月-02 16:35:14.890 INFO   DiscoveryClient-CacheRefreshExecutor-0 com.netflix.discovery.DiscoveryClient Single vip registry refresh property : null
2020-六月-02 16:35:14.890 INFO   DiscoveryClient-CacheRefreshExecutor-0 com.netflix.discovery.DiscoveryClient Force full registry fetch : false
2020-六月-02 16:35:14.890 INFO   DiscoveryClient-CacheRefreshExecutor-0 com.netflix.discovery.DiscoveryClient Application is null : false
2020-六月-02 16:35:14.890 INFO   DiscoveryClient-CacheRefreshExecutor-0 com.netflix.discovery.DiscoveryClient Registered Applications size is zero : true
2020-六月-02 16:35:14.890 INFO   DiscoveryClient-CacheRefreshExecutor-0 com.netflix.discovery.DiscoveryClient Application version is -1: true
2020-六月-02 16:35:14.890 INFO   DiscoveryClient-CacheRefreshExecutor-0 com.netflix.discovery.DiscoveryClient Getting all instance registry info from the eureka server
2020-六月-02 16:35:19.116 INFO   DiscoveryClient-InstanceInfoReplicator-0 com.netflix.discovery.DiscoveryClient DiscoveryClient_JZDD-BACKEND/DESKTOP-TNTH64G:jzdd-backend:9001: registering service...
2020-六月-02 16:35:48.965 INFO   DiscoveryClient-CacheRefreshExecutor-0 com.netflix.discovery.DiscoveryClient Disable delta property : false
2020-六月-02 16:35:48.965 INFO   DiscoveryClient-CacheRefreshExecutor-0 com.netflix.discovery.DiscoveryClient Single vip registry refresh property : null
2020-六月-02 16:35:48.965 INFO   DiscoveryClient-CacheRefreshExecutor-0 com.netflix.discovery.DiscoveryClient Force full registry fetch : false
2020-六月-02 16:35:48.966 INFO   DiscoveryClient-CacheRefreshExecutor-0 com.netflix.discovery.DiscoveryClient Application is null : false
2020-六月-02 16:35:48.966 INFO   DiscoveryClient-CacheRefreshExecutor-0 com.netflix.discovery.DiscoveryClient Registered Applications size is zero : true
2020-六月-02 16:35:48.966 INFO   DiscoveryClient-CacheRefreshExecutor-0 com.netflix.discovery.DiscoveryClient Application version is -1: true
2020-六月-02 16:35:48.966 INFO   DiscoveryClient-CacheRefreshExecutor-0 com.netflix.discovery.DiscoveryClient Getting all instance registry info from the eureka server
2020-六月-02 16:35:53.165 INFO   DiscoveryClient-InstanceInfoReplicator-0 com.netflix.discovery.DiscoveryClient DiscoveryClient_JZDD-BACKEND/DESKTOP-TNTH64G:jzdd-backend:9001: registering service...
2020-六月-02 16:36:23.015 INFO   DiscoveryClient-CacheRefreshExecutor-0 com.netflix.discovery.DiscoveryClient Disable delta property : false
2020-六月-02 16:36:23.015 INFO   DiscoveryClient-CacheRefreshExecutor-0 com.netflix.discovery.DiscoveryClient Single vip registry refresh property : null
2020-六月-02 16:36:23.015 INFO   DiscoveryClient-CacheRefreshExecutor-0 com.netflix.discovery.DiscoveryClient Force full registry fetch : false
2020-六月-02 16:36:23.015 INFO   DiscoveryClient-CacheRefreshExecutor-0 com.netflix.discovery.DiscoveryClient Application is null : false
2020-六月-02 16:36:23.015 INFO   DiscoveryClient-CacheRefreshExecutor-0 com.netflix.discovery.DiscoveryClient Registered Applications size is zero : true
2020-六月-02 16:36:23.016 INFO   DiscoveryClient-CacheRefreshExecutor-0 com.netflix.discovery.DiscoveryClient Application version is -1: true
2020-六月-02 16:36:23.016 INFO   DiscoveryClient-CacheRefreshExecutor-0 com.netflix.discovery.DiscoveryClient Getting all instance registry info from the eureka server
2020-六月-02 16:36:27.196 INFO   DiscoveryClient-InstanceInfoReplicator-0 com.netflix.discovery.DiscoveryClient DiscoveryClient_JZDD-BACKEND/DESKTOP-TNTH64G:jzdd-backend:9001: registering service...
2020-六月-02 16:36:57.065 INFO   DiscoveryClient-CacheRefreshExecutor-0 com.netflix.discovery.DiscoveryClient Disable delta property : false
2020-六月-02 16:36:57.065 INFO   DiscoveryClient-CacheRefreshExecutor-0 com.netflix.discovery.DiscoveryClient Single vip registry refresh property : null
2020-六月-02 16:36:57.065 INFO   DiscoveryClient-CacheRefreshExecutor-0 com.netflix.discovery.DiscoveryClient Force full registry fetch : false
2020-六月-02 16:36:57.066 INFO   DiscoveryClient-CacheRefreshExecutor-0 com.netflix.discovery.DiscoveryClient Application is null : false
2020-六月-02 16:36:57.066 INFO   DiscoveryClient-CacheRefreshExecutor-0 com.netflix.discovery.DiscoveryClient Registered Applications size is zero : true
2020-六月-02 16:36:57.066 INFO   DiscoveryClient-CacheRefreshExecutor-0 com.netflix.discovery.DiscoveryClient Application version is -1: true
2020-六月-02 16:36:57.066 INFO   DiscoveryClient-CacheRefreshExecutor-0 com.netflix.discovery.DiscoveryClient Getting all instance registry info from the eureka server
2020-六月-02 16:37:01.222 INFO   DiscoveryClient-InstanceInfoReplicator-0 com.netflix.discovery.DiscoveryClient DiscoveryClient_JZDD-BACKEND/DESKTOP-TNTH64G:jzdd-backend:9001: registering service...
2020-六月-02 16:37:31.094 INFO   DiscoveryClient-CacheRefreshExecutor-0 com.netflix.discovery.DiscoveryClient Disable delta property : false
2020-六月-02 16:37:31.094 INFO   DiscoveryClient-CacheRefreshExecutor-0 com.netflix.discovery.DiscoveryClient Single vip registry refresh property : null
2020-六月-02 16:37:31.094 INFO   DiscoveryClient-CacheRefreshExecutor-0 com.netflix.discovery.DiscoveryClient Force full registry fetch : false
2020-六月-02 16:37:31.095 INFO   DiscoveryClient-CacheRefreshExecutor-0 com.netflix.discovery.DiscoveryClient Application is null : false
2020-六月-02 16:37:31.095 INFO   DiscoveryClient-CacheRefreshExecutor-0 com.netflix.discovery.DiscoveryClient Registered Applications size is zero : true
2020-六月-02 16:37:31.095 INFO   DiscoveryClient-CacheRefreshExecutor-0 com.netflix.discovery.DiscoveryClient Application version is -1: true
2020-六月-02 16:37:31.095 INFO   DiscoveryClient-CacheRefreshExecutor-0 com.netflix.discovery.DiscoveryClient Getting all instance registry info from the eureka server
2020-六月-02 16:37:35.242 INFO   DiscoveryClient-InstanceInfoReplicator-0 com.netflix.discovery.DiscoveryClient DiscoveryClient_JZDD-BACKEND/DESKTOP-TNTH64G:jzdd-backend:9001: registering service...
2020-六月-02 16:37:45.931 INFO   AsyncResolver-bootstrap-executor-0 com.netflix.discovery.shared.resolver.aws.ConfigClusterResolver Resolving eureka endpoints via configuration
2020-六月-02 16:38:05.122 INFO   DiscoveryClient-CacheRefreshExecutor-0 com.netflix.discovery.DiscoveryClient Disable delta property : false
2020-六月-02 16:38:05.122 INFO   DiscoveryClient-CacheRefreshExecutor-0 com.netflix.discovery.DiscoveryClient Single vip registry refresh property : null
2020-六月-02 16:38:05.122 INFO   DiscoveryClient-CacheRefreshExecutor-0 com.netflix.discovery.DiscoveryClient Force full registry fetch : false
2020-六月-02 16:38:05.122 INFO   DiscoveryClient-CacheRefreshExecutor-0 com.netflix.discovery.DiscoveryClient Application is null : false
2020-六月-02 16:38:05.122 INFO   DiscoveryClient-CacheRefreshExecutor-0 com.netflix.discovery.DiscoveryClient Registered Applications size is zero : true
2020-六月-02 16:38:05.122 INFO   DiscoveryClient-CacheRefreshExecutor-0 com.netflix.discovery.DiscoveryClient Application version is -1: true
2020-六月-02 16:38:05.122 INFO   DiscoveryClient-CacheRefreshExecutor-0 com.netflix.discovery.DiscoveryClient Getting all instance registry info from the eureka server
2020-六月-02 16:38:09.279 INFO   DiscoveryClient-InstanceInfoReplicator-0 com.netflix.discovery.DiscoveryClient DiscoveryClient_JZDD-BACKEND/DESKTOP-TNTH64G:jzdd-backend:9001: registering service...
2020-六月-02 16:38:39.183 INFO   DiscoveryClient-CacheRefreshExecutor-0 com.netflix.discovery.DiscoveryClient Disable delta property : false
2020-六月-02 16:38:39.183 INFO   DiscoveryClient-CacheRefreshExecutor-0 com.netflix.discovery.DiscoveryClient Single vip registry refresh property : null
2020-六月-02 16:38:39.183 INFO   DiscoveryClient-CacheRefreshExecutor-0 com.netflix.discovery.DiscoveryClient Force full registry fetch : false
2020-六月-02 16:38:39.183 INFO   DiscoveryClient-CacheRefreshExecutor-0 com.netflix.discovery.DiscoveryClient Application is null : false
2020-六月-02 16:38:39.183 INFO   DiscoveryClient-CacheRefreshExecutor-0 com.netflix.discovery.DiscoveryClient Registered Applications size is zero : true
2020-六月-02 16:38:39.183 INFO   DiscoveryClient-CacheRefreshExecutor-0 com.netflix.discovery.DiscoveryClient Application version is -1: true
2020-六月-02 16:38:39.183 INFO   DiscoveryClient-CacheRefreshExecutor-0 com.netflix.discovery.DiscoveryClient Getting all instance registry info from the eureka server
2020-六月-02 16:38:43.292 INFO   DiscoveryClient-InstanceInfoReplicator-0 com.netflix.discovery.DiscoveryClient DiscoveryClient_JZDD-BACKEND/DESKTOP-TNTH64G:jzdd-backend:9001: registering service...
2020-六月-02 16:39:13.211 INFO   DiscoveryClient-CacheRefreshExecutor-0 com.netflix.discovery.DiscoveryClient Disable delta property : false
2020-六月-02 16:39:13.211 INFO   DiscoveryClient-CacheRefreshExecutor-0 com.netflix.discovery.DiscoveryClient Single vip registry refresh property : null
2020-六月-02 16:39:13.211 INFO   DiscoveryClient-CacheRefreshExecutor-0 com.netflix.discovery.DiscoveryClient Force full registry fetch : false
2020-六月-02 16:39:13.211 INFO   DiscoveryClient-CacheRefreshExecutor-0 com.netflix.discovery.DiscoveryClient Application is null : false
2020-六月-02 16:39:13.212 INFO   DiscoveryClient-CacheRefreshExecutor-0 com.netflix.discovery.DiscoveryClient Registered Applications size is zero : true
2020-六月-02 16:39:13.212 INFO   DiscoveryClient-CacheRefreshExecutor-0 com.netflix.discovery.DiscoveryClient Application version is -1: true
2020-六月-02 16:39:13.212 INFO   DiscoveryClient-CacheRefreshExecutor-0 com.netflix.discovery.DiscoveryClient Getting all instance registry info from the eureka server
2020-六月-02 16:39:17.343 INFO   DiscoveryClient-InstanceInfoReplicator-0 com.netflix.discovery.DiscoveryClient DiscoveryClient_JZDD-BACKEND/DESKTOP-TNTH64G:jzdd-backend:9001: registering service...
2020-六月-02 16:39:47.280 INFO   DiscoveryClient-CacheRefreshExecutor-0 com.netflix.discovery.DiscoveryClient Disable delta property : false
2020-六月-02 16:39:47.280 INFO   DiscoveryClient-CacheRefreshExecutor-0 com.netflix.discovery.DiscoveryClient Single vip registry refresh property : null
2020-六月-02 16:39:47.280 INFO   DiscoveryClient-CacheRefreshExecutor-0 com.netflix.discovery.DiscoveryClient Force full registry fetch : false
2020-六月-02 16:39:47.281 INFO   DiscoveryClient-CacheRefreshExecutor-0 com.netflix.discovery.DiscoveryClient Application is null : false
2020-六月-02 16:39:47.281 INFO   DiscoveryClient-CacheRefreshExecutor-0 com.netflix.discovery.DiscoveryClient Registered Applications size is zero : true
2020-六月-02 16:39:47.281 INFO   DiscoveryClient-CacheRefreshExecutor-0 com.netflix.discovery.DiscoveryClient Application version is -1: true
2020-六月-02 16:39:47.281 INFO   DiscoveryClient-CacheRefreshExecutor-0 com.netflix.discovery.DiscoveryClient Getting all instance registry info from the eureka server
2020-六月-02 16:39:51.366 INFO   DiscoveryClient-InstanceInfoReplicator-0 com.netflix.discovery.DiscoveryClient DiscoveryClient_JZDD-BACKEND/DESKTOP-TNTH64G:jzdd-backend:9001: registering service...
2020-六月-02 16:40:21.322 INFO   DiscoveryClient-CacheRefreshExecutor-0 com.netflix.discovery.DiscoveryClient Disable delta property : false
2020-六月-02 16:40:21.322 INFO   DiscoveryClient-CacheRefreshExecutor-0 com.netflix.discovery.DiscoveryClient Single vip registry refresh property : null
2020-六月-02 16:40:21.322 INFO   DiscoveryClient-CacheRefreshExecutor-0 com.netflix.discovery.DiscoveryClient Force full registry fetch : false
2020-六月-02 16:40:21.322 INFO   DiscoveryClient-CacheRefreshExecutor-0 com.netflix.discovery.DiscoveryClient Application is null : false
2020-六月-02 16:40:21.322 INFO   DiscoveryClient-CacheRefreshExecutor-0 com.netflix.discovery.DiscoveryClient Registered Applications size is zero : true
2020-六月-02 16:40:21.323 INFO   DiscoveryClient-CacheRefreshExecutor-0 com.netflix.discovery.DiscoveryClient Application version is -1: true
2020-六月-02 16:40:21.323 INFO   DiscoveryClient-CacheRefreshExecutor-0 com.netflix.discovery.DiscoveryClient Getting all instance registry info from the eureka server
2020-六月-02 16:40:25.379 INFO   DiscoveryClient-InstanceInfoReplicator-0 com.netflix.discovery.DiscoveryClient DiscoveryClient_JZDD-BACKEND/DESKTOP-TNTH64G:jzdd-backend:9001: registering service...
2020-六月-02 16:40:55.336 INFO   DiscoveryClient-CacheRefreshExecutor-0 com.netflix.discovery.DiscoveryClient Disable delta property : false
2020-六月-02 16:40:55.336 INFO   DiscoveryClient-CacheRefreshExecutor-0 com.netflix.discovery.DiscoveryClient Single vip registry refresh property : null
2020-六月-02 16:40:55.336 INFO   DiscoveryClient-CacheRefreshExecutor-0 com.netflix.discovery.DiscoveryClient Force full registry fetch : false
2020-六月-02 16:40:55.336 INFO   DiscoveryClient-CacheRefreshExecutor-0 com.netflix.discovery.DiscoveryClient Application is null : false
2020-六月-02 16:40:55.337 INFO   DiscoveryClient-CacheRefreshExecutor-0 com.netflix.discovery.DiscoveryClient Registered Applications size is zero : true
2020-六月-02 16:40:55.337 INFO   DiscoveryClient-CacheRefreshExecutor-0 com.netflix.discovery.DiscoveryClient Application version is -1: true
2020-六月-02 16:40:55.337 INFO   DiscoveryClient-CacheRefreshExecutor-0 com.netflix.discovery.DiscoveryClient Getting all instance registry info from the eureka server
2020-六月-02 16:40:59.407 INFO   DiscoveryClient-InstanceInfoReplicator-0 com.netflix.discovery.DiscoveryClient DiscoveryClient_JZDD-BACKEND/DESKTOP-TNTH64G:jzdd-backend:9001: registering service...
2020-六月-02 16:41:29.392 INFO   DiscoveryClient-CacheRefreshExecutor-0 com.netflix.discovery.DiscoveryClient Disable delta property : false
2020-六月-02 16:41:29.393 INFO   DiscoveryClient-CacheRefreshExecutor-0 com.netflix.discovery.DiscoveryClient Single vip registry refresh property : null
2020-六月-02 16:41:29.393 INFO   DiscoveryClient-CacheRefreshExecutor-0 com.netflix.discovery.DiscoveryClient Force full registry fetch : false
2020-六月-02 16:41:29.393 INFO   DiscoveryClient-CacheRefreshExecutor-0 com.netflix.discovery.DiscoveryClient Application is null : false
2020-六月-02 16:41:29.394 INFO   DiscoveryClient-CacheRefreshExecutor-0 com.netflix.discovery.DiscoveryClient Registered Applications size is zero : true
2020-六月-02 16:41:29.394 INFO   DiscoveryClient-CacheRefreshExecutor-0 com.netflix.discovery.DiscoveryClient Application version is -1: true
2020-六月-02 16:41:29.394 INFO   DiscoveryClient-CacheRefreshExecutor-0 com.netflix.discovery.DiscoveryClient Getting all instance registry info from the eureka server
2020-六月-02 16:41:33.433 INFO   DiscoveryClient-InstanceInfoReplicator-0 com.netflix.discovery.DiscoveryClient DiscoveryClient_JZDD-BACKEND/DESKTOP-TNTH64G:jzdd-backend:9001: registering service...
2020-六月-02 16:42:03.436 INFO   DiscoveryClient-CacheRefreshExecutor-0 com.netflix.discovery.DiscoveryClient Disable delta property : false
2020-六月-02 16:42:03.436 INFO   DiscoveryClient-CacheRefreshExecutor-0 com.netflix.discovery.DiscoveryClient Single vip registry refresh property : null
2020-六月-02 16:42:03.436 INFO   DiscoveryClient-CacheRefreshExecutor-0 com.netflix.discovery.DiscoveryClient Force full registry fetch : false
2020-六月-02 16:42:03.437 INFO   DiscoveryClient-CacheRefreshExecutor-0 com.netflix.discovery.DiscoveryClient Application is null : false
2020-六月-02 16:42:03.437 INFO   DiscoveryClient-CacheRefreshExecutor-0 com.netflix.discovery.DiscoveryClient Registered Applications size is zero : true
2020-六月-02 16:42:03.437 INFO   DiscoveryClient-CacheRefreshExecutor-0 com.netflix.discovery.DiscoveryClient Application version is -1: true
2020-六月-02 16:42:03.437 INFO   DiscoveryClient-CacheRefreshExecutor-0 com.netflix.discovery.DiscoveryClient Getting all instance registry info from the eureka server
2020-六月-02 16:42:07.483 INFO   DiscoveryClient-InstanceInfoReplicator-0 com.netflix.discovery.DiscoveryClient DiscoveryClient_JZDD-BACKEND/DESKTOP-TNTH64G:jzdd-backend:9001: registering service...
2020-六月-02 16:42:37.517 INFO   DiscoveryClient-CacheRefreshExecutor-0 com.netflix.discovery.DiscoveryClient Disable delta property : false
2020-六月-02 16:42:37.517 INFO   DiscoveryClient-CacheRefreshExecutor-0 com.netflix.discovery.DiscoveryClient Single vip registry refresh property : null
2020-六月-02 16:42:37.518 INFO   DiscoveryClient-CacheRefreshExecutor-0 com.netflix.discovery.DiscoveryClient Force full registry fetch : false
2020-六月-02 16:42:37.520 INFO   DiscoveryClient-CacheRefreshExecutor-0 com.netflix.discovery.DiscoveryClient Application is null : false
2020-六月-02 16:42:37.520 INFO   DiscoveryClient-CacheRefreshExecutor-0 com.netflix.discovery.DiscoveryClient Registered Applications size is zero : true
2020-六月-02 16:42:37.520 INFO   DiscoveryClient-CacheRefreshExecutor-0 com.netflix.discovery.DiscoveryClient Application version is -1: true
2020-六月-02 16:42:37.521 INFO   DiscoveryClient-CacheRefreshExecutor-0 com.netflix.discovery.DiscoveryClient Getting all instance registry info from the eureka server
2020-六月-02 16:42:41.522 INFO   DiscoveryClient-InstanceInfoReplicator-0 com.netflix.discovery.DiscoveryClient DiscoveryClient_JZDD-BACKEND/DESKTOP-TNTH64G:jzdd-backend:9001: registering service...
2020-六月-02 16:42:45.933 INFO   AsyncResolver-bootstrap-executor-0 com.netflix.discovery.shared.resolver.aws.ConfigClusterResolver Resolving eureka endpoints via configuration
2020-六月-02 16:43:11.562 INFO   DiscoveryClient-CacheRefreshExecutor-0 com.netflix.discovery.DiscoveryClient Disable delta property : false
2020-六月-02 16:43:11.562 INFO   DiscoveryClient-CacheRefreshExecutor-0 com.netflix.discovery.DiscoveryClient Single vip registry refresh property : null
2020-六月-02 16:43:11.562 INFO   DiscoveryClient-CacheRefreshExecutor-0 com.netflix.discovery.DiscoveryClient Force full registry fetch : false
2020-六月-02 16:43:11.562 INFO   DiscoveryClient-CacheRefreshExecutor-0 com.netflix.discovery.DiscoveryClient Application is null : false
2020-六月-02 16:43:11.562 INFO   DiscoveryClient-CacheRefreshExecutor-0 com.netflix.discovery.DiscoveryClient Registered Applications size is zero : true
2020-六月-02 16:43:11.562 INFO   DiscoveryClient-CacheRefreshExecutor-0 com.netflix.discovery.DiscoveryClient Application version is -1: true
2020-六月-02 16:43:11.562 INFO   DiscoveryClient-CacheRefreshExecutor-0 com.netflix.discovery.DiscoveryClient Getting all instance registry info from the eureka server
2020-六月-02 16:43:15.534 INFO   DiscoveryClient-InstanceInfoReplicator-0 com.netflix.discovery.DiscoveryClient DiscoveryClient_JZDD-BACKEND/DESKTOP-TNTH64G:jzdd-backend:9001: registering service...
2020-六月-02 16:43:45.606 INFO   DiscoveryClient-CacheRefreshExecutor-0 com.netflix.discovery.DiscoveryClient Disable delta property : false
2020-六月-02 16:43:45.606 INFO   DiscoveryClient-CacheRefreshExecutor-0 com.netflix.discovery.DiscoveryClient Single vip registry refresh property : null
2020-六月-02 16:43:45.606 INFO   DiscoveryClient-CacheRefreshExecutor-0 com.netflix.discovery.DiscoveryClient Force full registry fetch : false
2020-六月-02 16:43:45.606 INFO   DiscoveryClient-CacheRefreshExecutor-0 com.netflix.discovery.DiscoveryClient Application is null : false
2020-六月-02 16:43:45.606 INFO   DiscoveryClient-CacheRefreshExecutor-0 com.netflix.discovery.DiscoveryClient Registered Applications size is zero : true
2020-六月-02 16:43:45.606 INFO   DiscoveryClient-CacheRefreshExecutor-0 com.netflix.discovery.DiscoveryClient Application version is -1: true
2020-六月-02 16:43:45.606 INFO   DiscoveryClient-CacheRefreshExecutor-0 com.netflix.discovery.DiscoveryClient Getting all instance registry info from the eureka server
2020-六月-02 16:43:49.572 INFO   DiscoveryClient-InstanceInfoReplicator-0 com.netflix.discovery.DiscoveryClient DiscoveryClient_JZDD-BACKEND/DESKTOP-TNTH64G:jzdd-backend:9001: registering service...
2020-六月-02 16:44:19.620 INFO   DiscoveryClient-CacheRefreshExecutor-0 com.netflix.discovery.DiscoveryClient Disable delta property : false
2020-六月-02 16:44:19.620 INFO   DiscoveryClient-CacheRefreshExecutor-0 com.netflix.discovery.DiscoveryClient Single vip registry refresh property : null
2020-六月-02 16:44:19.620 INFO   DiscoveryClient-CacheRefreshExecutor-0 com.netflix.discovery.DiscoveryClient Force full registry fetch : false
2020-六月-02 16:44:19.620 INFO   DiscoveryClient-CacheRefreshExecutor-0 com.netflix.discovery.DiscoveryClient Application is null : false
2020-六月-02 16:44:19.620 INFO   DiscoveryClient-CacheRefreshExecutor-0 com.netflix.discovery.DiscoveryClient Registered Applications size is zero : true
2020-六月-02 16:44:19.621 INFO   DiscoveryClient-CacheRefreshExecutor-0 com.netflix.discovery.DiscoveryClient Application version is -1: true
2020-六月-02 16:44:19.621 INFO   DiscoveryClient-CacheRefreshExecutor-0 com.netflix.discovery.DiscoveryClient Getting all instance registry info from the eureka server
2020-六月-02 16:44:23.607 INFO   DiscoveryClient-InstanceInfoReplicator-0 com.netflix.discovery.DiscoveryClient DiscoveryClient_JZDD-BACKEND/DESKTOP-TNTH64G:jzdd-backend:9001: registering service...
2020-六月-02 16:44:53.633 INFO   DiscoveryClient-CacheRefreshExecutor-0 com.netflix.discovery.DiscoveryClient Disable delta property : false
2020-六月-02 16:44:53.633 INFO   DiscoveryClient-CacheRefreshExecutor-0 com.netflix.discovery.DiscoveryClient Single vip registry refresh property : null
2020-六月-02 16:44:53.633 INFO   DiscoveryClient-CacheRefreshExecutor-0 com.netflix.discovery.DiscoveryClient Force full registry fetch : false
2020-六月-02 16:44:53.634 INFO   DiscoveryClient-CacheRefreshExecutor-0 com.netflix.discovery.DiscoveryClient Application is null : false
2020-六月-02 16:44:53.634 INFO   DiscoveryClient-CacheRefreshExecutor-0 com.netflix.discovery.DiscoveryClient Registered Applications size is zero : true
2020-六月-02 16:44:53.634 INFO   DiscoveryClient-CacheRefreshExecutor-0 com.netflix.discovery.DiscoveryClient Application version is -1: true
2020-六月-02 16:44:53.634 INFO   DiscoveryClient-CacheRefreshExecutor-0 com.netflix.discovery.DiscoveryClient Getting all instance registry info from the eureka server
2020-六月-02 16:44:57.636 INFO   DiscoveryClient-InstanceInfoReplicator-0 com.netflix.discovery.DiscoveryClient DiscoveryClient_JZDD-BACKEND/DESKTOP-TNTH64G:jzdd-backend:9001: registering service...
2020-六月-02 16:45:27.678 INFO   DiscoveryClient-CacheRefreshExecutor-0 com.netflix.discovery.DiscoveryClient Disable delta property : false
2020-六月-02 16:45:27.678 INFO   DiscoveryClient-CacheRefreshExecutor-0 com.netflix.discovery.DiscoveryClient Single vip registry refresh property : null
2020-六月-02 16:45:27.678 INFO   DiscoveryClient-CacheRefreshExecutor-0 com.netflix.discovery.DiscoveryClient Force full registry fetch : false
2020-六月-02 16:45:27.678 INFO   DiscoveryClient-CacheRefreshExecutor-0 com.netflix.discovery.DiscoveryClient Application is null : false
2020-六月-02 16:45:27.678 INFO   DiscoveryClient-CacheRefreshExecutor-0 com.netflix.discovery.DiscoveryClient Registered Applications size is zero : true
2020-六月-02 16:45:27.678 INFO   DiscoveryClient-CacheRefreshExecutor-0 com.netflix.discovery.DiscoveryClient Application version is -1: true
2020-六月-02 16:45:27.678 INFO   DiscoveryClient-CacheRefreshExecutor-0 com.netflix.discovery.DiscoveryClient Getting all instance registry info from the eureka server
2020-六月-02 16:45:31.670 INFO   DiscoveryClient-InstanceInfoReplicator-0 com.netflix.discovery.DiscoveryClient DiscoveryClient_JZDD-BACKEND/DESKTOP-TNTH64G:jzdd-backend:9001: registering service...
2020-六月-02 16:46:01.729 INFO   DiscoveryClient-CacheRefreshExecutor-0 com.netflix.discovery.DiscoveryClient Disable delta property : false
2020-六月-02 16:46:01.729 INFO   DiscoveryClient-CacheRefreshExecutor-0 com.netflix.discovery.DiscoveryClient Single vip registry refresh property : null
2020-六月-02 16:46:01.729 INFO   DiscoveryClient-CacheRefreshExecutor-0 com.netflix.discovery.DiscoveryClient Force full registry fetch : false
2020-六月-02 16:46:01.729 INFO   DiscoveryClient-CacheRefreshExecutor-0 com.netflix.discovery.DiscoveryClient Application is null : false
2020-六月-02 16:46:01.729 INFO   DiscoveryClient-CacheRefreshExecutor-0 com.netflix.discovery.DiscoveryClient Registered Applications size is zero : true
2020-六月-02 16:46:01.729 INFO   DiscoveryClient-CacheRefreshExecutor-0 com.netflix.discovery.DiscoveryClient Application version is -1: true
2020-六月-02 16:46:01.729 INFO   DiscoveryClient-CacheRefreshExecutor-0 com.netflix.discovery.DiscoveryClient Getting all instance registry info from the eureka server
2020-六月-02 16:46:05.720 INFO   DiscoveryClient-InstanceInfoReplicator-0 com.netflix.discovery.DiscoveryClient DiscoveryClient_JZDD-BACKEND/DESKTOP-TNTH64G:jzdd-backend:9001: registering service...
2020-六月-02 16:46:35.754 INFO   DiscoveryClient-CacheRefreshExecutor-0 com.netflix.discovery.DiscoveryClient Disable delta property : false
2020-六月-02 16:46:35.754 INFO   DiscoveryClient-CacheRefreshExecutor-0 com.netflix.discovery.DiscoveryClient Single vip registry refresh property : null
2020-六月-02 16:46:35.754 INFO   DiscoveryClient-CacheRefreshExecutor-0 com.netflix.discovery.DiscoveryClient Force full registry fetch : false
2020-六月-02 16:46:35.754 INFO   DiscoveryClient-CacheRefreshExecutor-0 com.netflix.discovery.DiscoveryClient Application is null : false
2020-六月-02 16:46:35.754 INFO   DiscoveryClient-CacheRefreshExecutor-0 com.netflix.discovery.DiscoveryClient Registered Applications size is zero : true
2020-六月-02 16:46:35.754 INFO   DiscoveryClient-CacheRefreshExecutor-0 com.netflix.discovery.DiscoveryClient Application version is -1: true
2020-六月-02 16:46:35.754 INFO   DiscoveryClient-CacheRefreshExecutor-0 com.netflix.discovery.DiscoveryClient Getting all instance registry info from the eureka server
2020-六月-02 16:46:39.768 INFO   DiscoveryClient-InstanceInfoReplicator-0 com.netflix.discovery.DiscoveryClient DiscoveryClient_JZDD-BACKEND/DESKTOP-TNTH64G:jzdd-backend:9001: registering service...
2020-六月-02 16:47:09.842 INFO   DiscoveryClient-CacheRefreshExecutor-0 com.netflix.discovery.DiscoveryClient Disable delta property : false
2020-六月-02 16:47:09.842 INFO   DiscoveryClient-CacheRefreshExecutor-0 com.netflix.discovery.DiscoveryClient Single vip registry refresh property : null
2020-六月-02 16:47:09.842 INFO   DiscoveryClient-CacheRefreshExecutor-0 com.netflix.discovery.DiscoveryClient Force full registry fetch : false
2020-六月-02 16:47:09.842 INFO   DiscoveryClient-CacheRefreshExecutor-0 com.netflix.discovery.DiscoveryClient Application is null : false
2020-六月-02 16:47:09.842 INFO   DiscoveryClient-CacheRefreshExecutor-0 com.netflix.discovery.DiscoveryClient Registered Applications size is zero : true
2020-六月-02 16:47:09.843 INFO   DiscoveryClient-CacheRefreshExecutor-0 com.netflix.discovery.DiscoveryClient Application version is -1: true
2020-六月-02 16:47:09.843 INFO   DiscoveryClient-CacheRefreshExecutor-0 com.netflix.discovery.DiscoveryClient Getting all instance registry info from the eureka server
2020-六月-02 16:47:13.790 INFO   DiscoveryClient-InstanceInfoReplicator-0 com.netflix.discovery.DiscoveryClient DiscoveryClient_JZDD-BACKEND/DESKTOP-TNTH64G:jzdd-backend:9001: registering service...
2020-六月-02 16:47:43.875 INFO   DiscoveryClient-CacheRefreshExecutor-0 com.netflix.discovery.DiscoveryClient Disable delta property : false
2020-六月-02 16:47:43.875 INFO   DiscoveryClient-CacheRefreshExecutor-0 com.netflix.discovery.DiscoveryClient Single vip registry refresh property : null
2020-六月-02 16:47:43.875 INFO   DiscoveryClient-CacheRefreshExecutor-0 com.netflix.discovery.DiscoveryClient Force full registry fetch : false
2020-六月-02 16:47:43.875 INFO   DiscoveryClient-CacheRefreshExecutor-0 com.netflix.discovery.DiscoveryClient Application is null : false
2020-六月-02 16:47:43.876 INFO   DiscoveryClient-CacheRefreshExecutor-0 com.netflix.discovery.DiscoveryClient Registered Applications size is zero : true
2020-六月-02 16:47:43.876 INFO   DiscoveryClient-CacheRefreshExecutor-0 com.netflix.discovery.DiscoveryClient Application version is -1: true
2020-六月-02 16:47:43.876 INFO   DiscoveryClient-CacheRefreshExecutor-0 com.netflix.discovery.DiscoveryClient Getting all instance registry info from the eureka server
2020-六月-02 16:47:45.934 INFO   AsyncResolver-bootstrap-executor-0 com.netflix.discovery.shared.resolver.aws.ConfigClusterResolver Resolving eureka endpoints via configuration
2020-六月-02 16:47:47.826 INFO   DiscoveryClient-InstanceInfoReplicator-0 com.netflix.discovery.DiscoveryClient DiscoveryClient_JZDD-BACKEND/DESKTOP-TNTH64G:jzdd-backend:9001: registering service...
2020-六月-02 16:48:17.889 INFO   DiscoveryClient-CacheRefreshExecutor-0 com.netflix.discovery.DiscoveryClient Disable delta property : false
2020-六月-02 16:48:17.889 INFO   DiscoveryClient-CacheRefreshExecutor-0 com.netflix.discovery.DiscoveryClient Single vip registry refresh property : null
2020-六月-02 16:48:17.889 INFO   DiscoveryClient-CacheRefreshExecutor-0 com.netflix.discovery.DiscoveryClient Force full registry fetch : false
2020-六月-02 16:48:17.889 INFO   DiscoveryClient-CacheRefreshExecutor-0 com.netflix.discovery.DiscoveryClient Application is null : false
2020-六月-02 16:48:17.890 INFO   DiscoveryClient-CacheRefreshExecutor-0 com.netflix.discovery.DiscoveryClient Registered Applications size is zero : true
2020-六月-02 16:48:17.890 INFO   DiscoveryClient-CacheRefreshExecutor-0 com.netflix.discovery.DiscoveryClient Application version is -1: true
2020-六月-02 16:48:17.890 INFO   DiscoveryClient-CacheRefreshExecutor-0 com.netflix.discovery.DiscoveryClient Getting all instance registry info from the eureka server
2020-六月-02 16:48:21.872 INFO   DiscoveryClient-InstanceInfoReplicator-0 com.netflix.discovery.DiscoveryClient DiscoveryClient_JZDD-BACKEND/DESKTOP-TNTH64G:jzdd-backend:9001: registering service...
2020-六月-02 16:48:51.903 INFO   DiscoveryClient-CacheRefreshExecutor-0 com.netflix.discovery.DiscoveryClient Disable delta property : false
2020-六月-02 16:48:51.903 INFO   DiscoveryClient-CacheRefreshExecutor-0 com.netflix.discovery.DiscoveryClient Single vip registry refresh property : null
2020-六月-02 16:48:51.903 INFO   DiscoveryClient-CacheRefreshExecutor-0 com.netflix.discovery.DiscoveryClient Force full registry fetch : false
2020-六月-02 16:48:51.903 INFO   DiscoveryClient-CacheRefreshExecutor-0 com.netflix.discovery.DiscoveryClient Application is null : false
2020-六月-02 16:48:51.904 INFO   DiscoveryClient-CacheRefreshExecutor-0 com.netflix.discovery.DiscoveryClient Registered Applications size is zero : true
2020-六月-02 16:48:51.904 INFO   DiscoveryClient-CacheRefreshExecutor-0 com.netflix.discovery.DiscoveryClient Application version is -1: true
2020-六月-02 16:48:51.904 INFO   DiscoveryClient-CacheRefreshExecutor-0 com.netflix.discovery.DiscoveryClient Getting all instance registry info from the eureka server
2020-六月-02 16:48:55.941 INFO   DiscoveryClient-InstanceInfoReplicator-0 com.netflix.discovery.DiscoveryClient DiscoveryClient_JZDD-BACKEND/DESKTOP-TNTH64G:jzdd-backend:9001: registering service...
2020-六月-02 16:49:25.950 INFO   DiscoveryClient-CacheRefreshExecutor-0 com.netflix.discovery.DiscoveryClient Disable delta property : false
2020-六月-02 16:49:25.950 INFO   DiscoveryClient-CacheRefreshExecutor-0 com.netflix.discovery.DiscoveryClient Single vip registry refresh property : null
2020-六月-02 16:49:25.950 INFO   DiscoveryClient-CacheRefreshExecutor-0 com.netflix.discovery.DiscoveryClient Force full registry fetch : false
2020-六月-02 16:49:25.950 INFO   DiscoveryClient-CacheRefreshExecutor-0 com.netflix.discovery.DiscoveryClient Application is null : false
2020-六月-02 16:49:25.950 INFO   DiscoveryClient-CacheRefreshExecutor-0 com.netflix.discovery.DiscoveryClient Registered Applications size is zero : true
2020-六月-02 16:49:25.950 INFO   DiscoveryClient-CacheRefreshExecutor-0 com.netflix.discovery.DiscoveryClient Application version is -1: true
2020-六月-02 16:49:25.950 INFO   DiscoveryClient-CacheRefreshExecutor-0 com.netflix.discovery.DiscoveryClient Getting all instance registry info from the eureka server
2020-六月-02 16:49:29.990 INFO   DiscoveryClient-InstanceInfoReplicator-0 com.netflix.discovery.DiscoveryClient DiscoveryClient_JZDD-BACKEND/DESKTOP-TNTH64G:jzdd-backend:9001: registering service...
2020-六月-02 16:49:59.977 INFO   DiscoveryClient-CacheRefreshExecutor-0 com.netflix.discovery.DiscoveryClient Disable delta property : false
2020-六月-02 16:49:59.977 INFO   DiscoveryClient-CacheRefreshExecutor-0 com.netflix.discovery.DiscoveryClient Single vip registry refresh property : null
2020-六月-02 16:49:59.977 INFO   DiscoveryClient-CacheRefreshExecutor-0 com.netflix.discovery.DiscoveryClient Force full registry fetch : false
2020-六月-02 16:49:59.977 INFO   DiscoveryClient-CacheRefreshExecutor-0 com.netflix.discovery.DiscoveryClient Application is null : false
2020-六月-02 16:49:59.977 INFO   DiscoveryClient-CacheRefreshExecutor-0 com.netflix.discovery.DiscoveryClient Registered Applications size is zero : true
2020-六月-02 16:49:59.977 INFO   DiscoveryClient-CacheRefreshExecutor-0 com.netflix.discovery.DiscoveryClient Application version is -1: true
2020-六月-02 16:49:59.977 INFO   DiscoveryClient-CacheRefreshExecutor-0 com.netflix.discovery.DiscoveryClient Getting all instance registry info from the eureka server
2020-六月-02 16:50:04.062 INFO   DiscoveryClient-InstanceInfoReplicator-0 com.netflix.discovery.DiscoveryClient DiscoveryClient_JZDD-BACKEND/DESKTOP-TNTH64G:jzdd-backend:9001: registering service...
2020-六月-02 16:50:33.990 INFO   DiscoveryClient-CacheRefreshExecutor-0 com.netflix.discovery.DiscoveryClient Disable delta property : false
2020-六月-02 16:50:33.990 INFO   DiscoveryClient-CacheRefreshExecutor-0 com.netflix.discovery.DiscoveryClient Single vip registry refresh property : null
2020-六月-02 16:50:33.990 INFO   DiscoveryClient-CacheRefreshExecutor-0 com.netflix.discovery.DiscoveryClient Force full registry fetch : false
2020-六月-02 16:50:33.990 INFO   DiscoveryClient-CacheRefreshExecutor-0 com.netflix.discovery.DiscoveryClient Application is null : false
2020-六月-02 16:50:33.991 INFO   DiscoveryClient-CacheRefreshExecutor-0 com.netflix.discovery.DiscoveryClient Registered Applications size is zero : true
2020-六月-02 16:50:33.991 INFO   DiscoveryClient-CacheRefreshExecutor-0 com.netflix.discovery.DiscoveryClient Application version is -1: true
2020-六月-02 16:50:33.991 INFO   DiscoveryClient-CacheRefreshExecutor-0 com.netflix.discovery.DiscoveryClient Getting all instance registry info from the eureka server
2020-六月-02 16:50:38.106 INFO   DiscoveryClient-InstanceInfoReplicator-0 com.netflix.discovery.DiscoveryClient DiscoveryClient_JZDD-BACKEND/DESKTOP-TNTH64G:jzdd-backend:9001: registering service...
2020-六月-02 16:51:08.014 INFO   DiscoveryClient-CacheRefreshExecutor-0 com.netflix.discovery.DiscoveryClient Disable delta property : false
2020-六月-02 16:51:08.014 INFO   DiscoveryClient-CacheRefreshExecutor-0 com.netflix.discovery.DiscoveryClient Single vip registry refresh property : null
2020-六月-02 16:51:08.014 INFO   DiscoveryClient-CacheRefreshExecutor-0 com.netflix.discovery.DiscoveryClient Force full registry fetch : false
2020-六月-02 16:51:08.014 INFO   DiscoveryClient-CacheRefreshExecutor-0 com.netflix.discovery.DiscoveryClient Application is null : false
2020-六月-02 16:51:08.015 INFO   DiscoveryClient-CacheRefreshExecutor-0 com.netflix.discovery.DiscoveryClient Registered Applications size is zero : true
2020-六月-02 16:51:08.015 INFO   DiscoveryClient-CacheRefreshExecutor-0 com.netflix.discovery.DiscoveryClient Application version is -1: true
2020-六月-02 16:51:08.015 INFO   DiscoveryClient-CacheRefreshExecutor-0 com.netflix.discovery.DiscoveryClient Getting all instance registry info from the eureka server
2020-六月-02 16:51:12.123 INFO   DiscoveryClient-InstanceInfoReplicator-0 com.netflix.discovery.DiscoveryClient DiscoveryClient_JZDD-BACKEND/DESKTOP-TNTH64G:jzdd-backend:9001: registering service...
2020-六月-02 16:51:42.066 INFO   DiscoveryClient-CacheRefreshExecutor-0 com.netflix.discovery.DiscoveryClient Disable delta property : false
2020-六月-02 16:51:42.066 INFO   DiscoveryClient-CacheRefreshExecutor-0 com.netflix.discovery.DiscoveryClient Single vip registry refresh property : null
2020-六月-02 16:51:42.066 INFO   DiscoveryClient-CacheRefreshExecutor-0 com.netflix.discovery.DiscoveryClient Force full registry fetch : false
2020-六月-02 16:51:42.066 INFO   DiscoveryClient-CacheRefreshExecutor-0 com.netflix.discovery.DiscoveryClient Application is null : false
2020-六月-02 16:51:42.066 INFO   DiscoveryClient-CacheRefreshExecutor-0 com.netflix.discovery.DiscoveryClient Registered Applications size is zero : true
2020-六月-02 16:51:42.066 INFO   DiscoveryClient-CacheRefreshExecutor-0 com.netflix.discovery.DiscoveryClient Application version is -1: true
2020-六月-02 16:51:42.066 INFO   DiscoveryClient-CacheRefreshExecutor-0 com.netflix.discovery.DiscoveryClient Getting all instance registry info from the eureka server
2020-六月-02 16:51:46.161 INFO   DiscoveryClient-InstanceInfoReplicator-0 com.netflix.discovery.DiscoveryClient DiscoveryClient_JZDD-BACKEND/DESKTOP-TNTH64G:jzdd-backend:9001: registering service...
2020-六月-02 16:52:16.107 INFO   DiscoveryClient-CacheRefreshExecutor-0 com.netflix.discovery.DiscoveryClient Disable delta property : false
2020-六月-02 16:52:16.107 INFO   DiscoveryClient-CacheRefreshExecutor-0 com.netflix.discovery.DiscoveryClient Single vip registry refresh property : null
2020-六月-02 16:52:16.107 INFO   DiscoveryClient-CacheRefreshExecutor-0 com.netflix.discovery.DiscoveryClient Force full registry fetch : false
2020-六月-02 16:52:16.107 INFO   DiscoveryClient-CacheRefreshExecutor-0 com.netflix.discovery.DiscoveryClient Application is null : false
2020-六月-02 16:52:16.107 INFO   DiscoveryClient-CacheRefreshExecutor-0 com.netflix.discovery.DiscoveryClient Registered Applications size is zero : true
2020-六月-02 16:52:16.107 INFO   DiscoveryClient-CacheRefreshExecutor-0 com.netflix.discovery.DiscoveryClient Application version is -1: true
2020-六月-02 16:52:16.107 INFO   DiscoveryClient-CacheRefreshExecutor-0 com.netflix.discovery.DiscoveryClient Getting all instance registry info from the eureka server
2020-六月-02 16:52:20.225 INFO   DiscoveryClient-InstanceInfoReplicator-0 com.netflix.discovery.DiscoveryClient DiscoveryClient_JZDD-BACKEND/DESKTOP-TNTH64G:jzdd-backend:9001: registering service...
2020-六月-02 16:52:45.935 INFO   AsyncResolver-bootstrap-executor-0 com.netflix.discovery.shared.resolver.aws.ConfigClusterResolver Resolving eureka endpoints via configuration
2020-六月-02 16:52:50.135 INFO   DiscoveryClient-CacheRefreshExecutor-0 com.netflix.discovery.DiscoveryClient Disable delta property : false
2020-六月-02 16:52:50.135 INFO   DiscoveryClient-CacheRefreshExecutor-0 com.netflix.discovery.DiscoveryClient Single vip registry refresh property : null
2020-六月-02 16:52:50.135 INFO   DiscoveryClient-CacheRefreshExecutor-0 com.netflix.discovery.DiscoveryClient Force full registry fetch : false
2020-六月-02 16:52:50.135 INFO   DiscoveryClient-CacheRefreshExecutor-0 com.netflix.discovery.DiscoveryClient Application is null : false
2020-六月-02 16:52:50.135 INFO   DiscoveryClient-CacheRefreshExecutor-0 com.netflix.discovery.DiscoveryClient Registered Applications size is zero : true
2020-六月-02 16:52:50.135 INFO   DiscoveryClient-CacheRefreshExecutor-0 com.netflix.discovery.DiscoveryClient Application version is -1: true
2020-六月-02 16:52:50.135 INFO   DiscoveryClient-CacheRefreshExecutor-0 com.netflix.discovery.DiscoveryClient Getting all instance registry info from the eureka server
2020-六月-02 16:52:54.248 INFO   DiscoveryClient-InstanceInfoReplicator-0 com.netflix.discovery.DiscoveryClient DiscoveryClient_JZDD-BACKEND/DESKTOP-TNTH64G:jzdd-backend:9001: registering service...
2020-六月-02 16:53:24.186 INFO   DiscoveryClient-CacheRefreshExecutor-0 com.netflix.discovery.DiscoveryClient Disable delta property : false
2020-六月-02 16:53:24.186 INFO   DiscoveryClient-CacheRefreshExecutor-0 com.netflix.discovery.DiscoveryClient Single vip registry refresh property : null
2020-六月-02 16:53:24.186 INFO   DiscoveryClient-CacheRefreshExecutor-0 com.netflix.discovery.DiscoveryClient Force full registry fetch : false
2020-六月-02 16:53:24.186 INFO   DiscoveryClient-CacheRefreshExecutor-0 com.netflix.discovery.DiscoveryClient Application is null : false
2020-六月-02 16:53:24.186 INFO   DiscoveryClient-CacheRefreshExecutor-0 com.netflix.discovery.DiscoveryClient Registered Applications size is zero : true
2020-六月-02 16:53:24.186 INFO   DiscoveryClient-CacheRefreshExecutor-0 com.netflix.discovery.DiscoveryClient Application version is -1: true
2020-六月-02 16:53:24.186 INFO   DiscoveryClient-CacheRefreshExecutor-0 com.netflix.discovery.DiscoveryClient Getting all instance registry info from the eureka server
2020-六月-02 16:53:28.295 INFO   DiscoveryClient-InstanceInfoReplicator-0 com.netflix.discovery.DiscoveryClient DiscoveryClient_JZDD-BACKEND/DESKTOP-TNTH64G:jzdd-backend:9001: registering service...
2020-六月-02 16:53:58.230 INFO   DiscoveryClient-CacheRefreshExecutor-0 com.netflix.discovery.DiscoveryClient Disable delta property : false
2020-六月-02 16:53:58.230 INFO   DiscoveryClient-CacheRefreshExecutor-0 com.netflix.discovery.DiscoveryClient Single vip registry refresh property : null
2020-六月-02 16:53:58.230 INFO   DiscoveryClient-CacheRefreshExecutor-0 com.netflix.discovery.DiscoveryClient Force full registry fetch : false
2020-六月-02 16:53:58.230 INFO   DiscoveryClient-CacheRefreshExecutor-0 com.netflix.discovery.DiscoveryClient Application is null : false
2020-六月-02 16:53:58.230 INFO   DiscoveryClient-CacheRefreshExecutor-0 com.netflix.discovery.DiscoveryClient Registered Applications size is zero : true
2020-六月-02 16:53:58.230 INFO   DiscoveryClient-CacheRefreshExecutor-0 com.netflix.discovery.DiscoveryClient Application version is -1: true
2020-六月-02 16:53:58.230 INFO   DiscoveryClient-CacheRefreshExecutor-0 com.netflix.discovery.DiscoveryClient Getting all instance registry info from the eureka server
2020-六月-02 16:54:02.318 INFO   DiscoveryClient-InstanceInfoReplicator-0 com.netflix.discovery.DiscoveryClient DiscoveryClient_JZDD-BACKEND/DESKTOP-TNTH64G:jzdd-backend:9001: registering service...
2020-六月-02 16:54:32.264 INFO   DiscoveryClient-CacheRefreshExecutor-0 com.netflix.discovery.DiscoveryClient Disable delta property : false
2020-六月-02 16:54:32.264 INFO   DiscoveryClient-CacheRefreshExecutor-0 com.netflix.discovery.DiscoveryClient Single vip registry refresh property : null
2020-六月-02 16:54:32.264 INFO   DiscoveryClient-CacheRefreshExecutor-0 com.netflix.discovery.DiscoveryClient Force full registry fetch : false
2020-六月-02 16:54:32.264 INFO   DiscoveryClient-CacheRefreshExecutor-0 com.netflix.discovery.DiscoveryClient Application is null : false
2020-六月-02 16:54:32.264 INFO   DiscoveryClient-CacheRefreshExecutor-0 com.netflix.discovery.DiscoveryClient Registered Applications size is zero : true
2020-六月-02 16:54:32.264 INFO   DiscoveryClient-CacheRefreshExecutor-0 com.netflix.discovery.DiscoveryClient Application version is -1: true
2020-六月-02 16:54:32.264 INFO   DiscoveryClient-CacheRefreshExecutor-0 com.netflix.discovery.DiscoveryClient Getting all instance registry info from the eureka server
2020-六月-02 16:54:36.329 INFO   DiscoveryClient-InstanceInfoReplicator-0 com.netflix.discovery.DiscoveryClient DiscoveryClient_JZDD-BACKEND/DESKTOP-TNTH64G:jzdd-backend:9001: registering service...
